#
# A fatal error has been detected by the Java Runtime Environment:
#
#  EXCEPTION_ACCESS_VIOLATION (0xc0000005) at pc=0x00000000648be276, pid=27524, tid=0x0000000000008030
#
# JRE version: Java(TM) SE Runtime Environment (8.0_281-b09) (build 1.8.0_281-b09)
# Java VM: Java HotSpot(TM) 64-Bit Server VM (25.281-b09 mixed mode windows-amd64 compressed oops)
# Problematic frame:
# V  [jvm.dll+0x22e276]
#
# Failed to write core dump. Minidumps are not enabled by default on client versions of Windows
#
# If you would like to submit a bug report, please visit:
#   http://bugreport.java.com/bugreport/crash.jsp
#

---------------  T H R E A D  ---------------

Current thread (0x000001ce3abb2800):  VMThread [stack: 0x0000002b26c00000,0x0000002b26d00000] [id=32816]

siginfo: ExceptionCode=0xc0000005, reading address 0x0000000000000008

Registers:
RAX=0x0000000000000000, RBX=0x0000002b26cfeac0, RCX=0x0000000000000000, RDX=0x0000000000000028
RSP=0x0000002b26cfe7f0, RBP=0x0000002b26cff020, RSI=0x0000000000000000, RDI=0x0000002b26cff190
R8 =0x0000000000000000, R9 =0x000001ce3884ab18, R10=0x000001ce1e2012f0, R11=0x000001ce3884b974
R12=0x000000000000002c, R13=0x000001ce38bcd4c0, R14=0x00000000000000b9, R15=0x0000000064690000
RIP=0x00000000648be276, EFLAGS=0x0000000000010206

Top of Stack: (sp=0x0000002b26cfe7f0)
0x0000002b26cfe7f0:   000000000000004f 0000002b26cff220
0x0000002b26cfe800:   000000000000004f 3030303030307830
0x0000002b26cfe810:   207373616c632020 0000000064900ba7
0x0000002b26cfe820:   3835206465737520 00000000648be2c5
0x0000002b26cfe830:   3336207974696361 00000000648bef6b
0x0000002b26cfe840:   0000002b26cff0b0 0000000064c45d04
0x0000002b26cfe850:   0000318597edeaab 000000006490207c
0x0000002b26cfe860:   0000002b26cff0c0 00000000648be724
0x0000002b26cfe870:   0000002b26cfe9f0 6572202c4b303034
0x0000002b26cfe880:   3120646576000a7d 0a4b363735383430
0x0000002b26cfe890:   000001ce000a4b00 000001ce38bcd400
0x0000002b26cfe8a0:   0000002b26cfeab0 0000000000000001
0x0000002b26cfe8b0:   0000002b26cfe938 0000000064a5f37d
0x0000002b26cfe8c0:   00000006c2c00000 00000006c2c44c58
0x0000002b26cfe8d0:   0000000000010000 0000000064744d60
0x0000002b26cfe8e0:   0000002b26cfe930 000001ce44aac750 

Instructions: (pc=0x00000000648be276)
0x00000000648be256:   01 00 00 48 8b 05 f8 9e 56 00 48 33 c4 48 89 84
0x00000000648be266:   24 30 01 00 00 48 8b d9 48 63 49 10 48 8b 43 08
0x00000000648be276:   38 54 08 08 74 33 44 0f be c2 48 8d 4c 24 20 48
0x00000000648be286:   8d 15 84 72 3b 00 e8 1f d0 df ff ba 36 00 00 00 


Register to memory mapping:

RAX=0x0000000000000000 is an unknown value
RBX=0x0000002b26cfeac0 is an unknown value
RCX=0x0000000000000000 is an unknown value
RDX=0x0000000000000028 is an unknown value
RSP=0x0000002b26cfe7f0 is an unknown value
RBP=0x0000002b26cff020 is an unknown value
RSI=0x0000000000000000 is an unknown value
RDI=0x0000002b26cff190 is an unknown value
R8 =0x0000000000000000 is an unknown value
R9 =0x000001ce3884ab18 is pointing into metadata
R10=0x000001ce1e2012f0 is an unknown value
R11=0x000001ce3884b974 is pointing into metadata
R12=0x000000000000002c is an unknown value
R13=0x000001ce38bcd4c0 is an unknown value
R14=0x00000000000000b9 is an unknown value
R15=0x0000000064690000 is an unknown value


Stack: [0x0000002b26c00000,0x0000002b26d00000],  sp=0x0000002b26cfe7f0,  free space=1017k
Native frames: (J=compiled Java code, j=interpreted, Vv=VM code, C=native code)
V  [jvm.dll+0x22e276]
V  [jvm.dll+0x22e994]
V  [jvm.dll+0x106863]
V  [jvm.dll+0x10881b]
V  [jvm.dll+0x10902e]
V  [jvm.dll+0x10669a]
V  [jvm.dll+0x10582a]
V  [jvm.dll+0xcd14b]
V  [jvm.dll+0xcdbe3]
V  [jvm.dll+0x112634]
V  [jvm.dll+0x135930]
V  [jvm.dll+0x1b8ce1]
V  [jvm.dll+0x245447]
V  [jvm.dll+0x243bb5]
V  [jvm.dll+0x24432c]
V  [jvm.dll+0x24463c]
V  [jvm.dll+0x291cbc]
C  [ucrtbase.dll+0x21bb2]
C  [KERNEL32.DLL+0x17034]
C  [ntdll.dll+0x52651]

VM_Operation (0x0000002b271ff2b0): GetOrSetLocal, mode: safepoint, requested by thread 0x000001ce3abfd800


---------------  P R O C E S S  ---------------

Java Threads: ( => current thread )
  0x000001ce3c70c800 JavaThread "Service Thread" daemon [_thread_blocked, id=24192, stack(0x0000002b28000000,0x0000002b28100000)]
  0x000001ce3c65d800 JavaThread "C1 CompilerThread11" daemon [_thread_blocked, id=25424, stack(0x0000002b27f00000,0x0000002b28000000)]
  0x000001ce3c65a800 JavaThread "C1 CompilerThread10" daemon [_thread_blocked, id=22424, stack(0x0000002b27e00000,0x0000002b27f00000)]
  0x000001ce3c65c800 JavaThread "C1 CompilerThread9" daemon [_thread_blocked, id=33036, stack(0x0000002b27d00000,0x0000002b27e00000)]
  0x000001ce3c65c000 JavaThread "C1 CompilerThread8" daemon [_thread_blocked, id=32704, stack(0x0000002b27c00000,0x0000002b27d00000)]
  0x000001ce3c659000 JavaThread "C2 CompilerThread7" daemon [_thread_blocked, id=5372, stack(0x0000002b27b00000,0x0000002b27c00000)]
  0x000001ce3c65b000 JavaThread "C2 CompilerThread6" daemon [_thread_blocked, id=16996, stack(0x0000002b27a00000,0x0000002b27b00000)]
  0x000001ce3c659800 JavaThread "C2 CompilerThread5" daemon [_thread_blocked, id=672, stack(0x0000002b27900000,0x0000002b27a00000)]
  0x000001ce3c633000 JavaThread "C2 CompilerThread4" daemon [_thread_blocked, id=5564, stack(0x0000002b27800000,0x0000002b27900000)]
  0x000001ce3c62a800 JavaThread "C2 CompilerThread3" daemon [_thread_blocked, id=33616, stack(0x0000002b27700000,0x0000002b27800000)]
  0x000001ce3c623800 JavaThread "C2 CompilerThread2" daemon [_thread_blocked, id=16080, stack(0x0000002b27600000,0x0000002b27700000)]
  0x000001ce3c5f6800 JavaThread "C2 CompilerThread1" daemon [_thread_blocked, id=30728, stack(0x0000002b27500000,0x0000002b27600000)]
  0x000001ce3c5f6000 JavaThread "C2 CompilerThread0" daemon [_thread_blocked, id=16024, stack(0x0000002b27400000,0x0000002b27500000)]
  0x000001ce3ac00000 JavaThread "JDWP Command Reader" daemon [_thread_in_native, id=21032, stack(0x0000002b27300000,0x0000002b27400000)]
  0x000001ce3abff800 JavaThread "JDWP Event Helper Thread" daemon [_thread_blocked, id=7200, stack(0x0000002b27200000,0x0000002b27300000)]
  0x000001ce3abfd800 JavaThread "JDWP Transport Listener: dt_socket" daemon [_thread_blocked, id=9532, stack(0x0000002b27100000,0x0000002b27200000)]
  0x000001ce3abe4800 JavaThread "Attach Listener" daemon [_thread_blocked, id=29004, stack(0x0000002b27000000,0x0000002b27100000)]
  0x000001ce3abe1800 JavaThread "Signal Dispatcher" daemon [_thread_blocked, id=25132, stack(0x0000002b26f00000,0x0000002b27000000)]
  0x000001ce38fb3000 JavaThread "Finalizer" daemon [_thread_blocked, id=26280, stack(0x0000002b26e00000,0x0000002b26f00000)]
  0x000001ce3abd3000 JavaThread "Reference Handler" daemon [_thread_blocked, id=27084, stack(0x0000002b26d00000,0x0000002b26e00000)]
  0x000001ce1e1d9800 JavaThread "main" [_thread_blocked, id=2248, stack(0x0000002b25e00000,0x0000002b25f00000)]

Other Threads:
=>0x000001ce3abb2800 VMThread [stack: 0x0000002b26c00000,0x0000002b26d00000] [id=32816]
  0x000001ce3c7c5800 WatcherThread [stack: 0x0000002b28100000,0x0000002b28200000] [id=31352]

VM state:at safepoint (normal execution)

VM Mutex/Monitor currently owned by a thread:  ([mutex/lock_event])
[0x000001ce1e1bee50] Threads_lock - owner thread: 0x000001ce3abb2800

heap address: 0x00000006c2c00000, size: 4052 MB, Compressed Oops mode: Zero based, Oop shift amount: 3
Narrow klass base: 0x0000000000000000, Narrow klass shift: 3
Compressed class space size: 1073741824 Address: 0x00000007c0000000

Heap:
 PSYoungGen      total 212480K, used 51531K [0x000000076b980000, 0x0000000779700000, 0x00000007c0000000)
  eden space 203776K, 21% used [0x000000076b980000,0x000000076e3b4900,0x0000000778080000)
  from space 8704K, 95% used [0x0000000778e80000,0x000000077969e360,0x0000000779700000)
  to   space 11264K, 0% used [0x0000000778100000,0x0000000778100000,0x0000000778c00000)
 ParOldGen       total 145920K, used 11513K [0x00000006c2c00000, 0x00000006cba80000, 0x000000076b980000)
  object space 145920K, 7% used [0x00000006c2c00000,0x00000006c373e7d0,0x00000006cba80000)
 Metaspace       used 41254K, capacity 44180K, committed 44416K, reserved 1087488K
  class space    used 5974K, capacity 6470K, committed 6528K, reserved 1048576K

Card table byte_map: [0x000001ce2eed0000,0x000001ce2f6c0000] byte_map_base: 0x000001ce2b8ba000

Marking Bits: (ParMarkBitMap*) 0x0000000064e76ff0
 Begin Bits: [0x000001ce2fc10000, 0x000001ce33b60000)
 End Bits:   [0x000001ce33b60000, 0x000001ce37ab0000)

Polling page: 0x000001ce1fae0000

CodeCache: size=245760Kb used=18460Kb max_used=18519Kb free=227299Kb
 bounds [0x000001ce1fb10000, 0x000001ce20d50000, 0x000001ce2eb10000]
 total_blobs=4572 nmethods=4139 adapters=349
 compilation: enabled

Compilation events (10 events):
Event: 4.288 Thread 0x000001ce3c65c000 nmethod 4146 0x000001ce20c86090 code [0x000001ce20c861e0, 0x000001ce20c863d8]
Event: 4.288 Thread 0x000001ce3c65d800 nmethod 4147 0x000001ce20c90a50 code [0x000001ce20c90c00, 0x000001ce20c91340]
Event: 4.288 Thread 0x000001ce3c65c800 4148       3       java.util.stream.Streams$ConcatSpliterator::characteristics (56 bytes)
Event: 4.289 Thread 0x000001ce3c65a800 4149       1       org.hibernate.validator.internal.metadata.aggregated.NonContainerCascadingMetaData::isMarkedForCascadingOnAnnotatedObjectOrContainerElements (5 bytes)
Event: 4.289 Thread 0x000001ce3c65c800 nmethod 4148 0x000001ce20c91550 code [0x000001ce20c916e0, 0x000001ce20c91b50]
Event: 4.289 Thread 0x000001ce3c65a800 nmethod 4149 0x000001ce20c85dd0 code [0x000001ce20c85f20, 0x000001ce20c86038]
Event: 4.290 Thread 0x000001ce3c623800 nmethod 4145 0x000001ce20c95090 code [0x000001ce20c95200, 0x000001ce20c959d8]
Event: 4.531 Thread 0x000001ce3c62a800 nmethod 4067 0x000001ce20ca6810 code [0x000001ce20ca73c0, 0x000001ce20cb6318]
Event: 4.543 Thread 0x000001ce3c65b000 nmethod 4032 0x000001ce20cead90 code [0x000001ce20ceb700, 0x000001ce20d025f0]
Event: 4.583 Thread 0x000001ce3c5f6000 nmethod 4049 0x000001ce20d1af10 code [0x000001ce20d1be80, 0x000001ce20d27b30]

GC Heap History (10 events):
Event: 2.281 GC heap before
{Heap before GC invocations=8 (full 1):
 PSYoungGen      total 113664K, used 111183K [0x000000076b980000, 0x0000000773280000, 0x00000007c0000000)
  eden space 104448K, 100% used [0x000000076b980000,0x0000000771f80000,0x0000000771f80000)
  from space 9216K, 73% used [0x0000000772980000,0x0000000773013f48,0x0000000773280000)
  to   space 9728K, 0% used [0x0000000771f80000,0x0000000771f80000,0x0000000772900000)
 ParOldGen       total 95744K, used 6042K [0x00000006c2c00000, 0x00000006c8980000, 0x000000076b980000)
  object space 95744K, 6% used [0x00000006c2c00000,0x00000006c31e68d8,0x00000006c8980000)
 Metaspace       used 31008K, capacity 33044K, committed 33152K, reserved 1077248K
  class space    used 4258K, capacity 4654K, committed 4736K, reserved 1048576K
Event: 2.285 GC heap after
Heap after GC invocations=8 (full 1):
 PSYoungGen      total 114176K, used 9726K [0x000000076b980000, 0x0000000776f00000, 0x00000007c0000000)
  eden space 104448K, 0% used [0x000000076b980000,0x000000076b980000,0x0000000771f80000)
  from space 9728K, 99% used [0x0000000771f80000,0x00000007728ffb50,0x0000000772900000)
  to   space 11264K, 0% used [0x0000000776400000,0x0000000776400000,0x0000000776f00000)
 ParOldGen       total 95744K, used 6559K [0x00000006c2c00000, 0x00000006c8980000, 0x000000076b980000)
  object space 95744K, 6% used [0x00000006c2c00000,0x00000006c3267d50,0x00000006c8980000)
 Metaspace       used 31008K, capacity 33044K, committed 33152K, reserved 1077248K
  class space    used 4258K, capacity 4654K, committed 4736K, reserved 1048576K
}
Event: 2.537 GC heap before
{Heap before GC invocations=9 (full 1):
 PSYoungGen      total 114176K, used 36037K [0x000000076b980000, 0x0000000776f00000, 0x00000007c0000000)
  eden space 104448K, 25% used [0x000000076b980000,0x000000076d3319a8,0x0000000771f80000)
  from space 9728K, 99% used [0x0000000771f80000,0x00000007728ffb50,0x0000000772900000)
  to   space 11264K, 0% used [0x0000000776400000,0x0000000776400000,0x0000000776f00000)
 ParOldGen       total 95744K, used 6559K [0x00000006c2c00000, 0x00000006c8980000, 0x000000076b980000)
  object space 95744K, 6% used [0x00000006c2c00000,0x00000006c3267d50,0x00000006c8980000)
 Metaspace       used 33207K, capacity 35302K, committed 35496K, reserved 1079296K
  class space    used 4721K, capacity 5105K, committed 5120K, reserved 1048576K
Event: 2.540 GC heap after
Heap after GC invocations=9 (full 1):
 PSYoungGen      total 170496K, used 6416K [0x000000076b980000, 0x0000000776c80000, 0x00000007c0000000)
  eden space 161792K, 0% used [0x000000076b980000,0x000000076b980000,0x0000000775780000)
  from space 8704K, 73% used [0x0000000776400000,0x0000000776a441f0,0x0000000776c80000)
  to   space 10752K, 0% used [0x0000000775780000,0x0000000775780000,0x0000000776200000)
 ParOldGen       total 95744K, used 6567K [0x00000006c2c00000, 0x00000006c8980000, 0x000000076b980000)
  object space 95744K, 6% used [0x00000006c2c00000,0x00000006c3269d50,0x00000006c8980000)
 Metaspace       used 33207K, capacity 35302K, committed 35496K, reserved 1079296K
  class space    used 4721K, capacity 5105K, committed 5120K, reserved 1048576K
}
Event: 2.540 GC heap before
{Heap before GC invocations=10 (full 2):
 PSYoungGen      total 170496K, used 6416K [0x000000076b980000, 0x0000000776c80000, 0x00000007c0000000)
  eden space 161792K, 0% used [0x000000076b980000,0x000000076b980000,0x0000000775780000)
  from space 8704K, 73% used [0x0000000776400000,0x0000000776a441f0,0x0000000776c80000)
  to   space 10752K, 0% used [0x0000000775780000,0x0000000775780000,0x0000000776200000)
 ParOldGen       total 95744K, used 6567K [0x00000006c2c00000, 0x00000006c8980000, 0x000000076b980000)
  object space 95744K, 6% used [0x00000006c2c00000,0x00000006c3269d50,0x00000006c8980000)
 Metaspace       used 33207K, capacity 35302K, committed 35496K, reserved 1079296K
  class space    used 4721K, capacity 5105K, committed 5120K, reserved 1048576K
Event: 2.558 GC heap after
Heap after GC invocations=10 (full 2):
 PSYoungGen      total 170496K, used 0K [0x000000076b980000, 0x0000000776c80000, 0x00000007c0000000)
  eden space 161792K, 0% used [0x000000076b980000,0x000000076b980000,0x0000000775780000)
  from space 8704K, 0% used [0x0000000776400000,0x0000000776400000,0x0000000776c80000)
  to   space 10752K, 0% used [0x0000000775780000,0x0000000775780000,0x0000000776200000)
 ParOldGen       total 145920K, used 11497K [0x00000006c2c00000, 0x00000006cba80000, 0x000000076b980000)
  object space 145920K, 7% used [0x00000006c2c00000,0x00000006c373a7d0,0x00000006cba80000)
 Metaspace       used 33207K, capacity 35302K, committed 35496K, reserved 1079296K
  class space    used 4721K, capacity 5105K, committed 5120K, reserved 1048576K
}
Event: 3.305 GC heap before
{Heap before GC invocations=11 (full 2):
 PSYoungGen      total 170496K, used 161792K [0x000000076b980000, 0x0000000776c80000, 0x00000007c0000000)
  eden space 161792K, 100% used [0x000000076b980000,0x0000000775780000,0x0000000775780000)
  from space 8704K, 0% used [0x0000000776400000,0x0000000776400000,0x0000000776c80000)
  to   space 10752K, 0% used [0x0000000775780000,0x0000000775780000,0x0000000776200000)
 ParOldGen       total 145920K, used 11497K [0x00000006c2c00000, 0x00000006cba80000, 0x000000076b980000)
  object space 145920K, 7% used [0x00000006c2c00000,0x00000006c373a7d0,0x00000006cba80000)
 Metaspace       used 37225K, capacity 39740K, committed 39936K, reserved 1083392K
  class space    used 5322K, capacity 5770K, committed 5888K, reserved 1048576K
Event: 3.309 GC heap after
Heap after GC invocations=11 (full 2):
 PSYoungGen      total 172544K, used 7990K [0x000000076b980000, 0x0000000779980000, 0x00000007c0000000)
  eden space 161792K, 0% used [0x000000076b980000,0x000000076b980000,0x0000000775780000)
  from space 10752K, 74% used [0x0000000775780000,0x0000000775f4da08,0x0000000776200000)
  to   space 11264K, 0% used [0x0000000778e80000,0x0000000778e80000,0x0000000779980000)
 ParOldGen       total 145920K, used 11505K [0x00000006c2c00000, 0x00000006cba80000, 0x000000076b980000)
  object space 145920K, 7% used [0x00000006c2c00000,0x00000006c373c7d0,0x00000006cba80000)
 Metaspace       used 37225K, capacity 39740K, committed 39936K, reserved 1083392K
  class space    used 5322K, capacity 5770K, committed 5888K, reserved 1048576K
}
Event: 4.161 GC heap before
{Heap before GC invocations=12 (full 2):
 PSYoungGen      total 172544K, used 169782K [0x000000076b980000, 0x0000000779980000, 0x00000007c0000000)
  eden space 161792K, 100% used [0x000000076b980000,0x0000000775780000,0x0000000775780000)
  from space 10752K, 74% used [0x0000000775780000,0x0000000775f4da08,0x0000000776200000)
  to   space 11264K, 0% used [0x0000000778e80000,0x0000000778e80000,0x0000000779980000)
 ParOldGen       total 145920K, used 11505K [0x00000006c2c00000, 0x00000006cba80000, 0x000000076b980000)
  object space 145920K, 7% used [0x00000006c2c00000,0x00000006c373c7d0,0x00000006cba80000)
 Metaspace       used 40594K, capacity 43428K, committed 43520K, reserved 1087488K
  class space    used 5872K, capacity 6352K, committed 6400K, reserved 1048576K
Event: 4.166 GC heap after
Heap after GC invocations=12 (full 2):
 PSYoungGen      total 212480K, used 8312K [0x000000076b980000, 0x0000000779700000, 0x00000007c0000000)
  eden space 203776K, 0% used [0x000000076b980000,0x000000076b980000,0x0000000778080000)
  from space 8704K, 95% used [0x0000000778e80000,0x000000077969e360,0x0000000779700000)
  to   space 11264K, 0% used [0x0000000778100000,0x0000000778100000,0x0000000778c00000)
 ParOldGen       total 145920K, used 11513K [0x00000006c2c00000, 0x00000006cba80000, 0x000000076b980000)
  object space 145920K, 7% used [0x00000006c2c00000,0x00000006c373e7d0,0x00000006cba80000)
 Metaspace       used 40594K, capacity 43428K, committed 43520K, reserved 1087488K
  class space    used 5872K, capacity 6352K, committed 6400K, reserved 1048576K
}

Deoptimization events (10 events):
Event: 3.112 Thread 0x000001ce1e1d9800 Uncommon trap: reason=unstable_if action=reinterpret pc=0x000001ce209b6ea4 method=org.springframework.beans.factory.support.AbstractBeanFactory.isTypeMatch(Ljava/lang/String;Lorg/springframework/core/ResolvableType;Z)Z @ 72
Event: 3.357 Thread 0x000001ce1e1d9800 Uncommon trap: reason=unstable_if action=reinterpret pc=0x000001ce2084fe10 method=org.springframework.beans.factory.support.DefaultSingletonBeanRegistry.getSingleton(Ljava/lang/String;Z)Ljava/lang/Object; @ 39
Event: 3.946 Thread 0x000001ce1e1d9800 Uncommon trap: reason=null_check action=make_not_entrant pc=0x000001ce2080cb58 method=org.springframework.beans.factory.support.DefaultListableBeanFactory.getBeanDefinition(Ljava/lang/String;)Lorg/springframework/beans/factory/config/BeanDefinition; @ 10
Event: 3.956 Thread 0x000001ce1e1d9800 Uncommon trap: reason=unstable_if action=reinterpret pc=0x000001ce20af2c88 method=org.springframework.core.ResolvableType.resolveClass()Ljava/lang/Class; @ 37
Event: 3.988 Thread 0x000001ce1e1d9800 Uncommon trap: reason=unstable_if action=reinterpret pc=0x000001ce20374588 method=java.util.LinkedHashMap.get(Ljava/lang/Object;)Ljava/lang/Object; @ 20
Event: 4.044 Thread 0x000001ce1e1d9800 Uncommon trap: reason=unstable_if action=reinterpret pc=0x000001ce1fdbce00 method=java.lang.CharacterData.of(I)Ljava/lang/CharacterData; @ 4
Event: 4.280 Thread 0x000001ce1e1d9800 Uncommon trap: reason=unstable_if action=reinterpret pc=0x000001ce208f2858 method=org.springframework.beans.factory.support.AbstractAutowireCapableBeanFactory.determineTargetType(Ljava/lang/String;Lorg/springframework/beans/factory/support/RootBeanDefinit
Event: 4.431 Thread 0x000001ce1e1d9800 Uncommon trap: reason=unstable_if action=reinterpret pc=0x000001ce1ff50b34 method=java.lang.AbstractStringBuilder.append(Ljava/lang/String;)Ljava/lang/AbstractStringBuilder; @ 1
Event: 4.431 Thread 0x000001ce1e1d9800 Uncommon trap: reason=unstable_if action=reinterpret pc=0x000001ce1ff13070 method=java.lang.AbstractStringBuilder.append(Ljava/lang/String;)Ljava/lang/AbstractStringBuilder; @ 1
Event: 223.769 Thread 0x000001ce3abfd800 Uncommon trap: reason=unstable_if action=reinterpret pc=0x000001ce20c156d8 method=com.intellij.rt.debugger.agent.CaptureAgent$CaptureTransformer.transform(Ljava/lang/ClassLoader;Ljava/lang/String;Ljava/lang/Class;Ljava/security/ProtectionDomain;[B)[B @ 5

Classes redefined (2 events):
Event: 223.786 Thread 0x000001ce3abb2800 redefined class name=com.openclassrooms.paymybuddy.controller.UserController, count=1
Event: 281.570 Thread 0x000001ce3abb2800 redefined class name=com.openclassrooms.paymybuddy.controller.UserController, count=2

Internal exceptions (10 events):
Event: 4.150 Thread 0x000001ce1e1d9800 Exception <a 'java/lang/ClassNotFoundException': com/openclassrooms/paymybuddy/model/UserCustomizer> (0x000000077449dc68) thrown at [C:\jenkins\workspace\8-2-build-windows-amd64-cygwin\jdk8u281\880\hotspot\src\share\vm\classfile\systemDictionary.cpp, line
Event: 4.281 Thread 0x000001ce1e1d9800 Exception <a 'java/lang/ClassNotFoundException': java/lang/ObjectCustomizer> (0x000000076dc29c98) thrown at [C:\jenkins\workspace\8-2-build-windows-amd64-cygwin\jdk8u281\880\hotspot\src\share\vm\classfile\systemDictionary.cpp, line 212]
Event: 4.282 Thread 0x000001ce1e1d9800 Exception <a 'java/lang/ClassNotFoundException': org/hibernate/validator/internal/constraintvalidators/bv/NotNullValidatorCustomizer> (0x000000076dc707c0) thrown at [C:\jenkins\workspace\8-2-build-windows-amd64-cygwin\jdk8u281\880\hotspot\src\share\vm\cla
Event: 4.282 Thread 0x000001ce1e1d9800 Exception <a 'java/lang/ClassNotFoundException': javax/validation/ConstraintValidatorCustomizer> (0x000000076dc9de68) thrown at [C:\jenkins\workspace\8-2-build-windows-amd64-cygwin\jdk8u281\880\hotspot\src\share\vm\classfile\systemDictionary.cpp, line 212
Event: 4.286 Thread 0x000001ce1e1d9800 Exception <a 'java/lang/ClassNotFoundException': java/lang/ObjectCustomizer> (0x000000076dd790d0) thrown at [C:\jenkins\workspace\8-2-build-windows-amd64-cygwin\jdk8u281\880\hotspot\src\share\vm\classfile\systemDictionary.cpp, line 212]
Event: 4.287 Thread 0x000001ce1e1d9800 Exception <a 'java/lang/ClassNotFoundException': org/hibernate/validator/internal/constraintvalidators/bv/number/bound/AbstractMinValidatorCustomizer> (0x000000076ddc8c08) thrown at [C:\jenkins\workspace\8-2-build-windows-amd64-cygwin\jdk8u281\880\hotspot
Event: 4.287 Thread 0x000001ce1e1d9800 Exception <a 'java/lang/ClassNotFoundException': org/hibernate/validator/internal/constraintvalidators/bv/number/bound/MinValidatorForDoubleCustomizer> (0x000000076de195a0) thrown at [C:\jenkins\workspace\8-2-build-windows-amd64-cygwin\jdk8u281\880\hotspo
Event: 4.288 Thread 0x000001ce1e1d9800 Exception <a 'java/lang/ClassNotFoundException': javax/validation/ConstraintValidatorCustomizer> (0x000000076de6d028) thrown at [C:\jenkins\workspace\8-2-build-windows-amd64-cygwin\jdk8u281\880\hotspot\src\share\vm\classfile\systemDictionary.cpp, line 212
Event: 4.431 Thread 0x000001ce1e1d9800 Implicit null exception at 0x000001ce1ff50619 to 0x000001ce1ff50b19
Event: 4.431 Thread 0x000001ce1e1d9800 Implicit null exception at 0x000001ce1ff12b96 to 0x000001ce1ff13059

Events (10 events):
Event: 281.574 Executing VM operation: ChangeBreakpoints done
Event: 281.574 Executing VM operation: ChangeBreakpoints
Event: 281.575 Executing VM operation: ChangeBreakpoints done
Event: 281.583 Executing VM operation: ChangeBreakpoints
Event: 281.584 Executing VM operation: ChangeBreakpoints done
Event: 281.584 Executing VM operation: ChangeBreakpoints
Event: 281.585 Executing VM operation: ChangeBreakpoints done
Event: 281.585 Executing VM operation: ChangeBreakpoints
Event: 281.586 Executing VM operation: ChangeBreakpoints done
Event: 281.590 Executing VM operation: GetOrSetLocal


Dynamic libraries:
0x00007ff6729c0000 - 0x00007ff672a07000 	C:\Program Files\Java\jdk1.8.0_281\bin\java.exe
0x00007ffff2570000 - 0x00007ffff2765000 	C:\WINDOWS\SYSTEM32\ntdll.dll
0x00007ffff2440000 - 0x00007ffff24fd000 	C:\WINDOWS\System32\KERNEL32.DLL
0x00007ffff0310000 - 0x00007ffff05d9000 	C:\WINDOWS\System32\KERNELBASE.dll
0x00007ffff0ca0000 - 0x00007ffff0d4c000 	C:\WINDOWS\System32\ADVAPI32.dll
0x00007ffff2280000 - 0x00007ffff231e000 	C:\WINDOWS\System32\msvcrt.dll
0x00007ffff21e0000 - 0x00007ffff227b000 	C:\WINDOWS\System32\sechost.dll
0x00007ffff1d40000 - 0x00007ffff1e6a000 	C:\WINDOWS\System32\RPCRT4.dll
0x00007ffff1b40000 - 0x00007ffff1ce0000 	C:\WINDOWS\System32\USER32.dll
0x00007fffefe30000 - 0x00007fffefe52000 	C:\WINDOWS\System32\win32u.dll
0x00007ffff0a50000 - 0x00007ffff0a7a000 	C:\WINDOWS\System32\GDI32.dll
0x00007ffff0200000 - 0x00007ffff030b000 	C:\WINDOWS\System32\gdi32full.dll
0x00007fffefd40000 - 0x00007fffefddd000 	C:\WINDOWS\System32\msvcp_win.dll
0x00007fffeffa0000 - 0x00007ffff00a0000 	C:\WINDOWS\System32\ucrtbase.dll
0x00007fffdd450000 - 0x00007fffdd6ea000 	C:\WINDOWS\WinSxS\amd64_microsoft.windows.common-controls_6595b64144ccf1df_6.0.19041.1110_none_60b5254171f9507e\COMCTL32.dll
0x00007ffff2500000 - 0x00007ffff2530000 	C:\WINDOWS\System32\IMM32.DLL
0x00007fffebb80000 - 0x00007fffebb95000 	C:\Program Files\Java\jdk1.8.0_281\jre\bin\vcruntime140.dll
0x00007fffebae0000 - 0x00007fffebb7b000 	C:\Program Files\Java\jdk1.8.0_281\jre\bin\msvcp140.dll
0x0000000064690000 - 0x0000000064eef000 	C:\Program Files\Java\jdk1.8.0_281\jre\bin\server\jvm.dll
0x00007ffff1e70000 - 0x00007ffff1e78000 	C:\WINDOWS\System32\PSAPI.DLL
0x00007fffe9060000 - 0x00007fffe906a000 	C:\WINDOWS\SYSTEM32\VERSION.dll
0x00007fffd4130000 - 0x00007fffd4139000 	C:\WINDOWS\SYSTEM32\WSOCK32.dll
0x00007fffdd8a0000 - 0x00007fffdd8c7000 	C:\WINDOWS\SYSTEM32\WINMM.dll
0x00007ffff1ad0000 - 0x00007ffff1b3b000 	C:\WINDOWS\System32\WS2_32.dll
0x00007fffedbe0000 - 0x00007fffedbf2000 	C:\WINDOWS\SYSTEM32\kernel.appcore.dll
0x00007fffebad0000 - 0x00007fffebae0000 	C:\Program Files\Java\jdk1.8.0_281\jre\bin\verify.dll
0x00007fffeba30000 - 0x00007fffeba5b000 	C:\Program Files\Java\jdk1.8.0_281\jre\bin\java.dll
0x00007fffea340000 - 0x00007fffea376000 	C:\Program Files\Java\jdk1.8.0_281\jre\bin\jdwp.dll
0x00007fffeba20000 - 0x00007fffeba29000 	C:\Program Files\Java\jdk1.8.0_281\jre\bin\npt.dll
0x00007fffd7830000 - 0x00007fffd7860000 	C:\Program Files\Java\jdk1.8.0_281\jre\bin\instrument.dll
0x00007fffebab0000 - 0x00007fffebac8000 	C:\Program Files\Java\jdk1.8.0_281\jre\bin\zip.dll
0x00007ffff1390000 - 0x00007ffff1acf000 	C:\WINDOWS\System32\SHELL32.dll
0x00007fffedde0000 - 0x00007fffee571000 	C:\WINDOWS\SYSTEM32\windows.storage.dll
0x00007ffff1030000 - 0x00007ffff1385000 	C:\WINDOWS\System32\combase.dll
0x00007fffef720000 - 0x00007fffef74c000 	C:\WINDOWS\SYSTEM32\Wldp.dll
0x00007ffff0e20000 - 0x00007ffff0ece000 	C:\WINDOWS\System32\SHCORE.dll
0x00007ffff0fd0000 - 0x00007ffff1025000 	C:\WINDOWS\System32\shlwapi.dll
0x00007fffefbf0000 - 0x00007fffefc0f000 	C:\WINDOWS\SYSTEM32\profapi.dll
0x00007fffea3b0000 - 0x00007fffea3ba000 	C:\Program Files\Java\jdk1.8.0_281\jre\bin\dt_socket.dll
0x00007fffef480000 - 0x00007fffef4ea000 	C:\WINDOWS\system32\mswsock.dll
0x00007fffeac80000 - 0x00007fffeac9c000 	C:\Program Files\Java\jdk1.8.0_281\jre\bin\net.dll
0x00007fffea3f0000 - 0x00007fffea403000 	C:\Program Files\Java\jdk1.8.0_281\jre\bin\nio.dll
0x00007fffea3a0000 - 0x00007fffea3ad000 	C:\Program Files\Java\jdk1.8.0_281\jre\bin\management.dll
0x00007fffcfb80000 - 0x00007fffcfb97000 	C:\WINDOWS\system32\napinsp.dll
0x00007fffcfb60000 - 0x00007fffcfb7b000 	C:\WINDOWS\system32\pnrpnsp.dll
0x00007fffeaca0000 - 0x00007fffeacb5000 	C:\WINDOWS\system32\wshbth.dll
0x00007fffeba00000 - 0x00007fffeba1d000 	C:\WINDOWS\system32\NLAapi.dll
0x00007fffef120000 - 0x00007fffef15b000 	C:\WINDOWS\SYSTEM32\IPHLPAPI.DLL
0x00007fffef160000 - 0x00007fffef22c000 	C:\WINDOWS\SYSTEM32\DNSAPI.dll
0x00007ffff0f60000 - 0x00007ffff0f68000 	C:\WINDOWS\System32\NSI.dll
0x00007fffcfa90000 - 0x00007fffcfaa2000 	C:\WINDOWS\System32\winrnr.dll
0x00007fffe78f0000 - 0x00007fffe78fa000 	C:\Windows\System32\rasadhlp.dll
0x00007fffdbca0000 - 0x00007fffdbd1f000 	C:\WINDOWS\System32\fwpuclnt.dll
0x00007fffefec0000 - 0x00007fffefee7000 	C:\WINDOWS\System32\bcrypt.dll
0x00007fffef660000 - 0x00007fffef678000 	C:\WINDOWS\SYSTEM32\CRYPTSP.dll
0x00007fffeedb0000 - 0x00007fffeede4000 	C:\WINDOWS\system32\rsaenh.dll
0x00007fffefbb0000 - 0x00007fffefbde000 	C:\WINDOWS\SYSTEM32\USERENV.dll
0x00007fffefcb0000 - 0x00007fffefd33000 	C:\WINDOWS\System32\bcryptprimitives.dll
0x00007fffef680000 - 0x00007fffef68c000 	C:\WINDOWS\SYSTEM32\CRYPTBASE.dll
0x00007fffe73a0000 - 0x00007fffe73b7000 	C:\WINDOWS\SYSTEM32\dhcpcsvc6.DLL
0x00007fffe76c0000 - 0x00007fffe76dd000 	C:\WINDOWS\SYSTEM32\dhcpcsvc.DLL
0x00007fffd6ca0000 - 0x00007fffd6e84000 	C:\WINDOWS\SYSTEM32\dbghelp.dll

VM Arguments:
jvm_args: -agentlib:jdwp=transport=dt_socket,address=127.0.0.1:55683,suspend=y,server=n -ea -Didea.test.cyclic.buffer.size=1048576 -javaagent:C:\Users\Kikine\AppData\Local\JetBrains\IntelliJIdea2021.2\captureAgent\debugger-agent.jar -Dfile.encoding=UTF-8 
java_command: com.intellij.rt.junit.JUnitStarter -ideVersion5 -junit5 com.openclassrooms.paymybuddy.controller.UserControllerTest,updateCurrentUserInformationTest_whenCurrentUserIskikine_thenReturnUserkikineUpdated
java_class_path (initial): C:\Program Files\JetBrains\IntelliJ IDEA 2021.1.3\lib\idea_rt.jar;C:\Users\Kikine\.m2\repository\org\junit\platform\junit-platform-launcher\1.7.2\junit-platform-launcher-1.7.2.jar;C:\Users\Kikine\.m2\repository\org\junit\vintage\junit-vintage-engine\5.7.2\junit-vintage-engine-5.7.2.jar;C:\Program Files\JetBrains\IntelliJ IDEA 2021.1.3\plugins\junit\lib\junit5-rt.jar;C:\Program Files\JetBrains\IntelliJ IDEA 2021.1.3\plugins\junit\lib\junit-rt.jar;C:\Program Files\Java\jdk1.8.0_281\jre\lib\charsets.jar;C:\Program Files\Java\jdk1.8.0_281\jre\lib\deploy.jar;C:\Program Files\Java\jdk1.8.0_281\jre\lib\ext\access-bridge-64.jar;C:\Program Files\Java\jdk1.8.0_281\jre\lib\ext\cldrdata.jar;C:\Program Files\Java\jdk1.8.0_281\jre\lib\ext\dnsns.jar;C:\Program Files\Java\jdk1.8.0_281\jre\lib\ext\jaccess.jar;C:\Program Files\Java\jdk1.8.0_281\jre\lib\ext\jfxrt.jar;C:\Program Files\Java\jdk1.8.0_281\jre\lib\ext\localedata.jar;C:\Program Files\Java\jdk1.8.0_281\jre\lib\ext\nashorn.jar;C:\Program Files\Java\jdk1.8.0_281\jre\lib\ext\sunec.jar;C:\Program Files\Java\jdk1.8.0_281\jre\lib\ext\sunjce_provider.jar;C:\Program Files\Java\jdk1.8.0_281\jre\lib\ext\sunmscapi.jar;C:\Program Files\Java\jdk1.8.0_281\jre\lib\ext\sunpkcs11.jar;C:\Program Files\Java\jdk1.8.0_281\jre\lib\ext\zipfs.jar;C:\Program Files\Java\jdk1.8.0_281\jre\lib\javaws.jar;C:\Program Files\Java\jdk1.8.0_281\jre\lib\jce.jar;C:\Program Files\Java\jdk1.8.0_281\jre\lib\jfr.jar;C:\Program Files\Java\jdk1.8.0_281\jre\lib\jfxswt.jar;C:\Program Files\Java\jdk1.8.0_281\jre\lib\jsse.jar;C:\Program Files\Java\jdk1.8.0_281\jre\lib\management-agent.jar;C:\Program Files\Java\jdk1.8.0_281\jre\lib\plugin.jar;C:\Program Files\Java\jdk1.8.0_281\jre\lib\resources.jar;C:\Program Files\Java\jdk1.8.0_281\jre\lib\rt.jar;C:\Users\Kikine\PayMyBuddy\target\test-classes;C:\Users\Kikine\PayMyBuddy\target\classes;C:\Users\Kikine\.m2\repository\org\springframework\boot\spring-boot-starter-data-jpa\2.5.2\spring-boot-starter
Launcher Type: SUN_STANDARD

Environment Variables:
JAVA_HOME=C:\Program Files\Java\jdk1.8.0_281
PATH=C:\Program Files (x86)\Common Files\Oracle\Java\javapath;C:\Windows\system32;C:\Windows;C:\Windows\System32\Wbem;C:\Windows\System32\WindowsPowerShell\v1.0\;C:\Windows\System32\OpenSSH\;C:\Program Files (x86)\NVIDIA Corporation\PhysX\Common;C:\Program Files\NVIDIA Corporation\NVIDIA NvDLISR;C:\Program Files\nodejs\;C:\Program Files\Microsoft SQL Server\120\Tools\Binn\;C:\Program Files\Common Files\Autodesk Shared\;C:\WINDOWS\system32;C:\WINDOWS;C:\WINDOWS\System32\Wbem;C:\WINDOWS\System32\WindowsPowerShell\v1.0\;C:\WINDOWS\System32\OpenSSH\;C:\Program Files\Git\cmd;C:\Program Files\dotnet\;C:\Program Files\Microsoft SQL Server\130\Tools\Binn\;C:\Program Files\Microsoft SQL Server\Client SDK\ODBC\170\Tools\Binn\;C:\apache-maven-3.6.3\bin;C:\Program Files\Java\jdk1.8.0_281\bin;C:\Program Files\MySQL\MySQL Server 8.0\bin;C:\Program Files\MySQL\MySQL Shell 8.0\bin\;C:\Users\Kikine\AppData\Local\Microsoft\WindowsApps;C:\Users\Kikine\AppData\Roaming\npm;C:\Users\Kikine\AppData\Local\Programs\Microsoft VS Code\bin;C:\Users\Kikine\.dotnet\tools;;C:\Program Files\JetBrains\IntelliJ IDEA 2021.1.3\bin;
USERNAME=Kikine
OS=Windows_NT
PROCESSOR_IDENTIFIER=Intel64 Family 6 Model 165 Stepping 2, GenuineIntel



---------------  S Y S T E M  ---------------

OS: Windows 10.0 , 64 bit Build 19041 (10.0.19041.1023)

CPU:total 16 (initial active 16) (8 cores per cpu, 2 threads per core) family 6 model 165 stepping 2, cmov, cx8, fxsr, mmx, sse, sse2, sse3, ssse3, sse4.1, sse4.2, popcnt, avx, avx2, aes, clmul, erms, 3dnowpref, lzcnt, ht, tsc, tscinvbit, bmi1, bmi2, adx

Memory: 4k page, physical 16592672k(3264088k free), swap 42363160k(5856448k free)

vm_info: Java HotSpot(TM) 64-Bit Server VM (25.281-b09) for windows-amd64 JRE (1.8.0_281-b09), built on Dec  9 2020 13:54:07 by "" with MS VC++ 15.9 (VS2017)

time: Wed Aug 18 16:47:00 2021
timezone: Paris, Madrid (heure d’été)
elapsed time: 281.604008 seconds (0d 0h 4m 41s)

