#
# A fatal error has been detected by the Java Runtime Environment:
#
#  EXCEPTION_ACCESS_VIOLATION (0xc0000005) at pc=0x00000000648be276, pid=24816, tid=0x0000000000007358
#
# JRE version: Java(TM) SE Runtime Environment (8.0_281-b09) (build 1.8.0_281-b09)
# Java VM: Java HotSpot(TM) 64-Bit Server VM (25.281-b09 mixed mode windows-amd64 compressed oops)
# Problematic frame:
# V  [jvm.dll+0x22e276]
#
# Failed to write core dump. Minidumps are not enabled by default on client versions of Windows
#
# If you would like to submit a bug report, please visit:
#   http://bugreport.java.com/bugreport/crash.jsp
#

---------------  T H R E A D  ---------------

Current thread (0x00000207eef91800):  VMThread [stack: 0x00000067b5800000,0x00000067b5900000] [id=29528]

siginfo: ExceptionCode=0xc0000005, reading address 0x0000000000000008

Registers:
RAX=0x0000000000000000, RBX=0x00000067b58fecd0, RCX=0x0000000000000000, RDX=0x0000000000000028
RSP=0x00000067b58fea00, RBP=0x00000067b58ff230, RSI=0x0000000000000000, RDI=0x00000067b58ff3a0
R8 =0x0000000000000000, R9 =0x00000207ecb8c598, R10=0x00000207d24afbb0, R11=0x00000207ecb8d3f4
R12=0x000000000000002c, R13=0x00000207ece89050, R14=0x00000000000000b9, R15=0x0000000064690000
RIP=0x00000000648be276, EFLAGS=0x0000000000010202

Top of Stack: (sp=0x00000067b58fea00)
0x00000067b58fea00:   000000000000004f 00000067b58ff430
0x00000067b58fea10:   000000000000004f 3030303030307830
0x00000067b58fea20:   207373616c632020 0000000064900ba7
0x00000067b58fea30:   3835206465737520 00000000648be2c5
0x00000067b58fea40:   3336207974696361 00000000648bef6b
0x00000067b58fea50:   00000067b58ff2c0 0000000064c45d04
0x00000067b58fea60:   0000f29507f9f56d 000000006490207c
0x00000067b58fea70:   00000067b58ff2d0 00000000648be724
0x00000067b58fea80:   00000067b58fec00 6572202c4b303034
0x00000067b58fea90:   3120646576000a7d 0a4b363735383430
0x00000067b58feaa0:   00000207000a4b00 00000207ece88f90
0x00000067b58feab0:   00000067b58fecc0 0000000000000001
0x00000067b58feac0:   00000067b58feb48 0000000064a5f37d
0x00000067b58fead0:   00000006c2c00000 00000006c2c2fb10
0x00000067b58feae0:   0000000000010000 0000000064744d60
0x00000067b58feaf0:   00000067b58feb40 00000207f9453710 

Instructions: (pc=0x00000000648be276)
0x00000000648be256:   01 00 00 48 8b 05 f8 9e 56 00 48 33 c4 48 89 84
0x00000000648be266:   24 30 01 00 00 48 8b d9 48 63 49 10 48 8b 43 08
0x00000000648be276:   38 54 08 08 74 33 44 0f be c2 48 8d 4c 24 20 48
0x00000000648be286:   8d 15 84 72 3b 00 e8 1f d0 df ff ba 36 00 00 00 


Register to memory mapping:

RAX=0x0000000000000000 is an unknown value
RBX=0x00000067b58fecd0 is an unknown value
RCX=0x0000000000000000 is an unknown value
RDX=0x0000000000000028 is an unknown value
RSP=0x00000067b58fea00 is an unknown value
RBP=0x00000067b58ff230 is an unknown value
RSI=0x0000000000000000 is an unknown value
RDI=0x00000067b58ff3a0 is an unknown value
R8 =0x0000000000000000 is an unknown value
R9 =0x00000207ecb8c598 is pointing into metadata
R10=0x00000207d24afbb0 is an unknown value
R11=0x00000207ecb8d3f4 is pointing into metadata
R12=0x000000000000002c is an unknown value
R13=0x00000207ece89050 is an unknown value
R14=0x00000000000000b9 is an unknown value
R15=0x0000000064690000 is an unknown value


Stack: [0x00000067b5800000,0x00000067b5900000],  sp=0x00000067b58fea00,  free space=1018k
Native frames: (J=compiled Java code, j=interpreted, Vv=VM code, C=native code)
V  [jvm.dll+0x22e276]
V  [jvm.dll+0x22e994]
V  [jvm.dll+0x106863]
V  [jvm.dll+0x10881b]
V  [jvm.dll+0x10902e]
V  [jvm.dll+0x10669a]
V  [jvm.dll+0x10582a]
V  [jvm.dll+0xcd14b]
V  [jvm.dll+0xcdbe3]
V  [jvm.dll+0x112634]
V  [jvm.dll+0x135930]
V  [jvm.dll+0x1b8ce1]
V  [jvm.dll+0x245447]
V  [jvm.dll+0x243bb5]
V  [jvm.dll+0x24432c]
V  [jvm.dll+0x24463c]
V  [jvm.dll+0x291cbc]
C  [ucrtbase.dll+0x21bb2]
C  [KERNEL32.DLL+0x17034]
C  [ntdll.dll+0x52651]

VM_Operation (0x00000067b5dff480): GetOrSetLocal, mode: safepoint, requested by thread 0x00000207eeff6000


---------------  P R O C E S S  ---------------

Java Threads: ( => current thread )
  0x00000207f09e2800 JavaThread "Service Thread" daemon [_thread_blocked, id=17908, stack(0x00000067b6c00000,0x00000067b6d00000)]
  0x00000207f0956000 JavaThread "C1 CompilerThread11" daemon [_thread_blocked, id=29592, stack(0x00000067b6b00000,0x00000067b6c00000)]
  0x00000207f0954000 JavaThread "C1 CompilerThread10" daemon [_thread_blocked, id=30552, stack(0x00000067b6a00000,0x00000067b6b00000)]
  0x00000207f095a000 JavaThread "C1 CompilerThread9" daemon [_thread_blocked, id=33660, stack(0x00000067b6900000,0x00000067b6a00000)]
  0x00000207f095a800 JavaThread "C1 CompilerThread8" daemon [_thread_blocked, id=26736, stack(0x00000067b6800000,0x00000067b6900000)]
  0x00000207f0958800 JavaThread "C2 CompilerThread7" daemon [_thread_blocked, id=30640, stack(0x00000067b6700000,0x00000067b6800000)]
  0x00000207f0957800 JavaThread "C2 CompilerThread6" daemon [_thread_blocked, id=18368, stack(0x00000067b6600000,0x00000067b6700000)]
  0x00000207f093b000 JavaThread "C2 CompilerThread5" daemon [_thread_blocked, id=10708, stack(0x00000067b6500000,0x00000067b6600000)]
  0x00000207f090e800 JavaThread "C2 CompilerThread4" daemon [_thread_blocked, id=23544, stack(0x00000067b6400000,0x00000067b6500000)]
  0x00000207f0905800 JavaThread "C2 CompilerThread3" daemon [_thread_blocked, id=23148, stack(0x00000067b6300000,0x00000067b6400000)]
  0x00000207f08f1800 JavaThread "C2 CompilerThread2" daemon [_thread_blocked, id=9272, stack(0x00000067b6200000,0x00000067b6300000)]
  0x00000207f08f1000 JavaThread "C2 CompilerThread1" daemon [_thread_blocked, id=2172, stack(0x00000067b6100000,0x00000067b6200000)]
  0x00000207f08f0000 JavaThread "C2 CompilerThread0" daemon [_thread_blocked, id=29204, stack(0x00000067b6000000,0x00000067b6100000)]
  0x00000207eeff9000 JavaThread "JDWP Command Reader" daemon [_thread_in_native, id=29468, stack(0x00000067b5f00000,0x00000067b6000000)]
  0x00000207eeff8000 JavaThread "JDWP Event Helper Thread" daemon [_thread_blocked, id=24376, stack(0x00000067b5e00000,0x00000067b5f00000)]
  0x00000207eeff6000 JavaThread "JDWP Transport Listener: dt_socket" daemon [_thread_blocked, id=28464, stack(0x00000067b5d00000,0x00000067b5e00000)]
  0x00000207eefda800 JavaThread "Attach Listener" daemon [_thread_blocked, id=31100, stack(0x00000067b5c00000,0x00000067b5d00000)]
  0x00000207eefd8000 JavaThread "Signal Dispatcher" daemon [_thread_blocked, id=32456, stack(0x00000067b5b00000,0x00000067b5c00000)]
  0x00000207ed28e000 JavaThread "Finalizer" daemon [_thread_blocked, id=32192, stack(0x00000067b5a00000,0x00000067b5b00000)]
  0x00000207eefb2000 JavaThread "Reference Handler" daemon [_thread_blocked, id=19968, stack(0x00000067b5900000,0x00000067b5a00000)]
  0x00000207d246f800 JavaThread "main" [_thread_blocked, id=24544, stack(0x00000067b4a00000,0x00000067b4b00000)]

Other Threads:
=>0x00000207eef91800 VMThread [stack: 0x00000067b5800000,0x00000067b5900000] [id=29528]
  0x00000207f0a81800 WatcherThread [stack: 0x00000067b6d00000,0x00000067b6e00000] [id=32664]

VM state:at safepoint (normal execution)

VM Mutex/Monitor currently owned by a thread:  ([mutex/lock_event])
[0x00000207d246d860] Threads_lock - owner thread: 0x00000207eef91800

heap address: 0x00000006c2c00000, size: 4052 MB, Compressed Oops mode: Zero based, Oop shift amount: 3
Narrow klass base: 0x0000000000000000, Narrow klass shift: 3
Compressed class space size: 1073741824 Address: 0x00000007c0000000

Heap:
 PSYoungGen      total 223744K, used 32335K [0x000000076b980000, 0x000000077a280000, 0x00000007c0000000)
  eden space 215040K, 11% used [0x000000076b980000,0x000000076d0f7010,0x0000000778b80000)
  from space 8704K, 95% used [0x0000000779a00000,0x000000077a21cd78,0x000000077a280000)
  to   space 11264K, 0% used [0x0000000778c80000,0x0000000778c80000,0x0000000779780000)
 ParOldGen       total 139264K, used 11310K [0x00000006c2c00000, 0x00000006cb400000, 0x000000076b980000)
  object space 139264K, 8% used [0x00000006c2c00000,0x00000006c370b9a8,0x00000006cb400000)
 Metaspace       used 41211K, capacity 44134K, committed 44416K, reserved 1087488K
  class space    used 5966K, capacity 6473K, committed 6528K, reserved 1048576K

Card table byte_map: [0x00000207e3190000,0x00000207e3980000] byte_map_base: 0x00000207dfb7a000

Marking Bits: (ParMarkBitMap*) 0x0000000064e76ff0
 Begin Bits: [0x00000207e3ed0000, 0x00000207e7e20000)
 End Bits:   [0x00000207e7e20000, 0x00000207ebd70000)

Polling page: 0x00000207d25d0000

CodeCache: size=245760Kb used=18226Kb max_used=18566Kb free=227533Kb
 bounds [0x00000207d3dd0000, 0x00000207d5020000, 0x00000207e2dd0000]
 total_blobs=4514 nmethods=4082 adapters=349
 compilation: enabled

Compilation events (10 events):
Event: 4.210 Thread 0x00000207f0956000 nmethod 4162 0x00000207d4f51bd0 code [0x00000207d4f51d20, 0x00000207d4f51f18]
Event: 4.210 Thread 0x00000207f0954000 4163       3       java.util.stream.Streams$ConcatSpliterator::characteristics (56 bytes)
Event: 4.210 Thread 0x00000207f095a000 4164       1       org.hibernate.validator.internal.metadata.aggregated.NonContainerCascadingMetaData::isMarkedForCascadingOnAnnotatedObjectOrContainerElements (5 bytes)
Event: 4.210 Thread 0x00000207f095a000 nmethod 4164 0x00000207d4f5c9d0 code [0x00000207d4f5cb20, 0x00000207d4f5cc38]
Event: 4.210 Thread 0x00000207f0954000 nmethod 4163 0x00000207d4f5cc90 code [0x00000207d4f5ce20, 0x00000207d4f5d290]
Event: 4.461 Thread 0x00000207f0905800 nmethod 4088 0x00000207d4f6f210 code [0x00000207d4f6fdc0, 0x00000207d4f7ecf8]
Event: 4.473 Thread 0x00000207f0958800 nmethod 4048 0x00000207d4fb3810 code [0x00000207d4fb4180, 0x00000207d4fcb150]
Event: 4.500 Thread 0x00000207f08f1000 nmethod 4067 0x00000207d4fe3a90 code [0x00000207d4fe4a00, 0x00000207d4ff06b0]
Event: 143.229 Thread 0x00000207f095a800 4165       3       java.lang.StringBuilder::append (8 bytes)
Event: 143.229 Thread 0x00000207f095a800 nmethod 4165 0x00000207d4f6ee50 code [0x00000207d4f6efc0, 0x00000207d4f6f170]

GC Heap History (10 events):
Event: 2.224 GC heap before
{Heap before GC invocations=8 (full 1):
 PSYoungGen      total 115712K, used 113308K [0x000000076b980000, 0x0000000773480000, 0x00000007c0000000)
  eden space 106496K, 100% used [0x000000076b980000,0x0000000772180000,0x0000000772180000)
  from space 9216K, 73% used [0x0000000772b80000,0x00000007732273d0,0x0000000773480000)
  to   space 9728K, 0% used [0x0000000772180000,0x0000000772180000,0x0000000772b00000)
 ParOldGen       total 93184K, used 5959K [0x00000006c2c00000, 0x00000006c8700000, 0x000000076b980000)
  object space 93184K, 6% used [0x00000006c2c00000,0x00000006c31d1ee8,0x00000006c8700000)
 Metaspace       used 31179K, capacity 33222K, committed 33408K, reserved 1077248K
  class space    used 4293K, capacity 4689K, committed 4736K, reserved 1048576K
Event: 2.229 GC heap after
Heap after GC invocations=8 (full 1):
 PSYoungGen      total 116224K, used 9706K [0x000000076b980000, 0x0000000777700000, 0x00000007c0000000)
  eden space 106496K, 0% used [0x000000076b980000,0x000000076b980000,0x0000000772180000)
  from space 9728K, 99% used [0x0000000772180000,0x0000000772afabc0,0x0000000772b00000)
  to   space 11776K, 0% used [0x0000000776b80000,0x0000000776b80000,0x0000000777700000)
 ParOldGen       total 93184K, used 6738K [0x00000006c2c00000, 0x00000006c8700000, 0x000000076b980000)
  object space 93184K, 7% used [0x00000006c2c00000,0x00000006c32948e8,0x00000006c8700000)
 Metaspace       used 31179K, capacity 33222K, committed 33408K, reserved 1077248K
  class space    used 4293K, capacity 4689K, committed 4736K, reserved 1048576K
}
Event: 2.465 GC heap before
{Heap before GC invocations=9 (full 1):
 PSYoungGen      total 116224K, used 33965K [0x000000076b980000, 0x0000000777700000, 0x00000007c0000000)
  eden space 106496K, 22% used [0x000000076b980000,0x000000076d130bd8,0x0000000772180000)
  from space 9728K, 99% used [0x0000000772180000,0x0000000772afabc0,0x0000000772b00000)
  to   space 11776K, 0% used [0x0000000776b80000,0x0000000776b80000,0x0000000777700000)
 ParOldGen       total 93184K, used 6738K [0x00000006c2c00000, 0x00000006c8700000, 0x000000076b980000)
  object space 93184K, 7% used [0x00000006c2c00000,0x00000006c32948e8,0x00000006c8700000)
 Metaspace       used 33241K, capacity 35326K, committed 35496K, reserved 1079296K
  class space    used 4728K, capacity 5109K, committed 5120K, reserved 1048576K
Event: 2.468 GC heap after
Heap after GC invocations=9 (full 1):
 PSYoungGen      total 177152K, used 6340K [0x000000076b980000, 0x0000000777400000, 0x00000007c0000000)
  eden space 168448K, 0% used [0x000000076b980000,0x000000076b980000,0x0000000775e00000)
  from space 8704K, 72% used [0x0000000776b80000,0x00000007771b1360,0x0000000777400000)
  to   space 11264K, 0% used [0x0000000775e00000,0x0000000775e00000,0x0000000776900000)
 ParOldGen       total 93184K, used 6746K [0x00000006c2c00000, 0x00000006c8700000, 0x000000076b980000)
  object space 93184K, 7% used [0x00000006c2c00000,0x00000006c32968e8,0x00000006c8700000)
 Metaspace       used 33241K, capacity 35326K, committed 35496K, reserved 1079296K
  class space    used 4728K, capacity 5109K, committed 5120K, reserved 1048576K
}
Event: 2.468 GC heap before
{Heap before GC invocations=10 (full 2):
 PSYoungGen      total 177152K, used 6340K [0x000000076b980000, 0x0000000777400000, 0x00000007c0000000)
  eden space 168448K, 0% used [0x000000076b980000,0x000000076b980000,0x0000000775e00000)
  from space 8704K, 72% used [0x0000000776b80000,0x00000007771b1360,0x0000000777400000)
  to   space 11264K, 0% used [0x0000000775e00000,0x0000000775e00000,0x0000000776900000)
 ParOldGen       total 93184K, used 6746K [0x00000006c2c00000, 0x00000006c8700000, 0x000000076b980000)
  object space 93184K, 7% used [0x00000006c2c00000,0x00000006c32968e8,0x00000006c8700000)
 Metaspace       used 33241K, capacity 35326K, committed 35496K, reserved 1079296K
  class space    used 4728K, capacity 5109K, committed 5120K, reserved 1048576K
Event: 2.485 GC heap after
Heap after GC invocations=10 (full 2):
 PSYoungGen      total 177152K, used 0K [0x000000076b980000, 0x0000000777400000, 0x00000007c0000000)
  eden space 168448K, 0% used [0x000000076b980000,0x000000076b980000,0x0000000775e00000)
  from space 8704K, 0% used [0x0000000776b80000,0x0000000776b80000,0x0000000777400000)
  to   space 11264K, 0% used [0x0000000775e00000,0x0000000775e00000,0x0000000776900000)
 ParOldGen       total 139264K, used 11294K [0x00000006c2c00000, 0x00000006cb400000, 0x000000076b980000)
  object space 139264K, 8% used [0x00000006c2c00000,0x00000006c37079a8,0x00000006cb400000)
 Metaspace       used 33241K, capacity 35326K, committed 35496K, reserved 1079296K
  class space    used 4728K, capacity 5109K, committed 5120K, reserved 1048576K
}
Event: 3.263 GC heap before
{Heap before GC invocations=11 (full 2):
 PSYoungGen      total 177152K, used 168448K [0x000000076b980000, 0x0000000777400000, 0x00000007c0000000)
  eden space 168448K, 100% used [0x000000076b980000,0x0000000775e00000,0x0000000775e00000)
  from space 8704K, 0% used [0x0000000776b80000,0x0000000776b80000,0x0000000777400000)
  to   space 11264K, 0% used [0x0000000775e00000,0x0000000775e00000,0x0000000776900000)
 ParOldGen       total 139264K, used 11294K [0x00000006c2c00000, 0x00000006cb400000, 0x000000076b980000)
  object space 139264K, 8% used [0x00000006c2c00000,0x00000006c37079a8,0x00000006cb400000)
 Metaspace       used 37322K, capacity 39890K, committed 40192K, reserved 1083392K
  class space    used 5330K, capacity 5775K, committed 5888K, reserved 1048576K
Event: 3.267 GC heap after
Heap after GC invocations=11 (full 2):
 PSYoungGen      total 179712K, used 8186K [0x000000076b980000, 0x000000077a500000, 0x00000007c0000000)
  eden space 168448K, 0% used [0x000000076b980000,0x000000076b980000,0x0000000775e00000)
  from space 11264K, 72% used [0x0000000775e00000,0x00000007765feab0,0x0000000776900000)
  to   space 11264K, 0% used [0x0000000779a00000,0x0000000779a00000,0x000000077a500000)
 ParOldGen       total 139264K, used 11302K [0x00000006c2c00000, 0x00000006cb400000, 0x000000076b980000)
  object space 139264K, 8% used [0x00000006c2c00000,0x00000006c37099a8,0x00000006cb400000)
 Metaspace       used 37322K, capacity 39890K, committed 40192K, reserved 1083392K
  class space    used 5330K, capacity 5775K, committed 5888K, reserved 1048576K
}
Event: 4.086 GC heap before
{Heap before GC invocations=12 (full 2):
 PSYoungGen      total 179712K, used 176634K [0x000000076b980000, 0x000000077a500000, 0x00000007c0000000)
  eden space 168448K, 100% used [0x000000076b980000,0x0000000775e00000,0x0000000775e00000)
  from space 11264K, 72% used [0x0000000775e00000,0x00000007765feab0,0x0000000776900000)
  to   space 11264K, 0% used [0x0000000779a00000,0x0000000779a00000,0x000000077a500000)
 ParOldGen       total 139264K, used 11302K [0x00000006c2c00000, 0x00000006cb400000, 0x000000076b980000)
  object space 139264K, 8% used [0x00000006c2c00000,0x00000006c37099a8,0x00000006cb400000)
 Metaspace       used 40550K, capacity 43382K, committed 43520K, reserved 1087488K
  class space    used 5863K, capacity 6355K, committed 6400K, reserved 1048576K
Event: 4.091 GC heap after
Heap after GC invocations=12 (full 2):
 PSYoungGen      total 223744K, used 8307K [0x000000076b980000, 0x000000077a280000, 0x00000007c0000000)
  eden space 215040K, 0% used [0x000000076b980000,0x000000076b980000,0x0000000778b80000)
  from space 8704K, 95% used [0x0000000779a00000,0x000000077a21cd78,0x000000077a280000)
  to   space 11264K, 0% used [0x0000000778c80000,0x0000000778c80000,0x0000000779780000)
 ParOldGen       total 139264K, used 11310K [0x00000006c2c00000, 0x00000006cb400000, 0x000000076b980000)
  object space 139264K, 8% used [0x00000006c2c00000,0x00000006c370b9a8,0x00000006cb400000)
 Metaspace       used 40550K, capacity 43382K, committed 43520K, reserved 1087488K
  class space    used 5863K, capacity 6355K, committed 6400K, reserved 1048576K
}

Deoptimization events (10 events):
Event: 3.814 Thread 0x00000207d246f800 Uncommon trap: reason=class_check action=maybe_recompile pc=0x00000207d4d7b65c method=java.lang.reflect.Array.newInstance(Ljava/lang/Class;I)Ljava/lang/Object; @ 2
Event: 3.814 Thread 0x00000207d246f800 Uncommon trap: reason=class_check action=maybe_recompile pc=0x00000207d4d7b65c method=java.lang.reflect.Array.newInstance(Ljava/lang/Class;I)Ljava/lang/Object; @ 2
Event: 3.868 Thread 0x00000207d246f800 Uncommon trap: reason=null_check action=make_not_entrant pc=0x00000207d4acad18 method=org.springframework.beans.factory.support.DefaultListableBeanFactory.getBeanDefinition(Ljava/lang/String;)Lorg/springframework/beans/factory/config/BeanDefinition; @ 10
Event: 3.883 Thread 0x00000207d246f800 Uncommon trap: reason=unstable_if action=reinterpret pc=0x00000207d4dccd88 method=org.springframework.core.ResolvableType.resolveClass()Ljava/lang/Class; @ 37
Event: 3.915 Thread 0x00000207d246f800 Uncommon trap: reason=unstable_if action=reinterpret pc=0x00000207d472dd48 method=java.util.LinkedHashMap.get(Ljava/lang/Object;)Ljava/lang/Object; @ 20
Event: 3.968 Thread 0x00000207d246f800 Uncommon trap: reason=unstable_if action=reinterpret pc=0x00000207d407e280 method=java.lang.CharacterData.of(I)Ljava/lang/CharacterData; @ 4
Event: 4.202 Thread 0x00000207d246f800 Uncommon trap: reason=unstable_if action=reinterpret pc=0x00000207d4a264e4 method=org.springframework.beans.factory.support.AbstractAutowireCapableBeanFactory.determineTargetType(Ljava/lang/String;Lorg/springframework/beans/factory/support/RootBeanDefinit
Event: 4.357 Thread 0x00000207d246f800 Uncommon trap: reason=unstable_if action=reinterpret pc=0x00000207d41fc71c method=java.lang.AbstractStringBuilder.append(Ljava/lang/String;)Ljava/lang/AbstractStringBuilder; @ 1
Event: 4.357 Thread 0x00000207d246f800 Uncommon trap: reason=unstable_if action=reinterpret pc=0x00000207d41d3170 method=java.lang.AbstractStringBuilder.append(Ljava/lang/String;)Ljava/lang/AbstractStringBuilder; @ 1
Event: 143.102 Thread 0x00000207eeff6000 Uncommon trap: reason=unstable_if action=reinterpret pc=0x00000207d4ee8d20 method=com.intellij.rt.debugger.agent.CaptureAgent$CaptureTransformer.transform(Ljava/lang/ClassLoader;Ljava/lang/String;Ljava/lang/Class;Ljava/security/ProtectionDomain;[B)[B @ 5

Classes redefined (2 events):
Event: 143.122 Thread 0x00000207eef91800 redefined class name=com.openclassrooms.paymybuddy.controller.UserController, count=1
Event: 200.914 Thread 0x00000207eef91800 redefined class name=com.openclassrooms.paymybuddy.controller.UserController, count=2

Internal exceptions (10 events):
Event: 4.073 Thread 0x00000207d246f800 Exception <a 'java/lang/ClassNotFoundException': com/openclassrooms/paymybuddy/model/UserCustomizer> (0x0000000773ade150) thrown at [C:\jenkins\workspace\8-2-build-windows-amd64-cygwin\jdk8u281\880\hotspot\src\share\vm\classfile\systemDictionary.cpp, line
Event: 4.203 Thread 0x00000207d246f800 Exception <a 'java/lang/ClassNotFoundException': java/lang/ObjectCustomizer> (0x000000076cbc9da8) thrown at [C:\jenkins\workspace\8-2-build-windows-amd64-cygwin\jdk8u281\880\hotspot\src\share\vm\classfile\systemDictionary.cpp, line 212]
Event: 4.203 Thread 0x00000207d246f800 Exception <a 'java/lang/ClassNotFoundException': org/hibernate/validator/internal/constraintvalidators/bv/NotNullValidatorCustomizer> (0x000000076cc108d0) thrown at [C:\jenkins\workspace\8-2-build-windows-amd64-cygwin\jdk8u281\880\hotspot\src\share\vm\cla
Event: 4.204 Thread 0x00000207d246f800 Exception <a 'java/lang/ClassNotFoundException': javax/validation/ConstraintValidatorCustomizer> (0x000000076cc3df78) thrown at [C:\jenkins\workspace\8-2-build-windows-amd64-cygwin\jdk8u281\880\hotspot\src\share\vm\classfile\systemDictionary.cpp, line 212
Event: 4.208 Thread 0x00000207d246f800 Exception <a 'java/lang/ClassNotFoundException': java/lang/ObjectCustomizer> (0x000000076cd19120) thrown at [C:\jenkins\workspace\8-2-build-windows-amd64-cygwin\jdk8u281\880\hotspot\src\share\vm\classfile\systemDictionary.cpp, line 212]
Event: 4.208 Thread 0x00000207d246f800 Exception <a 'java/lang/ClassNotFoundException': org/hibernate/validator/internal/constraintvalidators/bv/number/bound/AbstractMinValidatorCustomizer> (0x000000076cd68c58) thrown at [C:\jenkins\workspace\8-2-build-windows-amd64-cygwin\jdk8u281\880\hotspot
Event: 4.209 Thread 0x00000207d246f800 Exception <a 'java/lang/ClassNotFoundException': org/hibernate/validator/internal/constraintvalidators/bv/number/bound/MinValidatorForDoubleCustomizer> (0x000000076cdb95f0) thrown at [C:\jenkins\workspace\8-2-build-windows-amd64-cygwin\jdk8u281\880\hotspo
Event: 4.209 Thread 0x00000207d246f800 Exception <a 'java/lang/ClassNotFoundException': javax/validation/ConstraintValidatorCustomizer> (0x000000076cde6978) thrown at [C:\jenkins\workspace\8-2-build-windows-amd64-cygwin\jdk8u281\880\hotspot\src\share\vm\classfile\systemDictionary.cpp, line 212
Event: 4.357 Thread 0x00000207d246f800 Implicit null exception at 0x00000207d41fc219 to 0x00000207d41fc701
Event: 4.357 Thread 0x00000207d246f800 Implicit null exception at 0x00000207d41d2c96 to 0x00000207d41d3159

Events (10 events):
Event: 200.919 Executing VM operation: ChangeBreakpoints done
Event: 200.919 Executing VM operation: ChangeBreakpoints
Event: 200.920 Executing VM operation: ChangeBreakpoints done
Event: 200.929 Executing VM operation: ChangeBreakpoints
Event: 200.930 Executing VM operation: ChangeBreakpoints done
Event: 200.930 Executing VM operation: ChangeBreakpoints
Event: 200.933 Executing VM operation: ChangeBreakpoints done
Event: 200.933 Executing VM operation: ChangeBreakpoints
Event: 200.935 Executing VM operation: ChangeBreakpoints done
Event: 200.936 Executing VM operation: GetOrSetLocal


Dynamic libraries:
0x00007ff6729c0000 - 0x00007ff672a07000 	C:\Program Files\Java\jdk1.8.0_281\bin\java.exe
0x00007ffff2570000 - 0x00007ffff2765000 	C:\WINDOWS\SYSTEM32\ntdll.dll
0x00007ffff2440000 - 0x00007ffff24fd000 	C:\WINDOWS\System32\KERNEL32.DLL
0x00007ffff0310000 - 0x00007ffff05d9000 	C:\WINDOWS\System32\KERNELBASE.dll
0x00007ffff0ca0000 - 0x00007ffff0d4c000 	C:\WINDOWS\System32\ADVAPI32.dll
0x00007ffff2280000 - 0x00007ffff231e000 	C:\WINDOWS\System32\msvcrt.dll
0x00007ffff21e0000 - 0x00007ffff227b000 	C:\WINDOWS\System32\sechost.dll
0x00007ffff1d40000 - 0x00007ffff1e6a000 	C:\WINDOWS\System32\RPCRT4.dll
0x00007ffff1b40000 - 0x00007ffff1ce0000 	C:\WINDOWS\System32\USER32.dll
0x00007fffefe30000 - 0x00007fffefe52000 	C:\WINDOWS\System32\win32u.dll
0x00007ffff0a50000 - 0x00007ffff0a7a000 	C:\WINDOWS\System32\GDI32.dll
0x00007ffff0200000 - 0x00007ffff030b000 	C:\WINDOWS\System32\gdi32full.dll
0x00007fffefd40000 - 0x00007fffefddd000 	C:\WINDOWS\System32\msvcp_win.dll
0x00007fffeffa0000 - 0x00007ffff00a0000 	C:\WINDOWS\System32\ucrtbase.dll
0x00007fffdd450000 - 0x00007fffdd6ea000 	C:\WINDOWS\WinSxS\amd64_microsoft.windows.common-controls_6595b64144ccf1df_6.0.19041.1110_none_60b5254171f9507e\COMCTL32.dll
0x00007ffff2500000 - 0x00007ffff2530000 	C:\WINDOWS\System32\IMM32.DLL
0x00007fffebb80000 - 0x00007fffebb95000 	C:\Program Files\Java\jdk1.8.0_281\jre\bin\vcruntime140.dll
0x00007fffebae0000 - 0x00007fffebb7b000 	C:\Program Files\Java\jdk1.8.0_281\jre\bin\msvcp140.dll
0x0000000064690000 - 0x0000000064eef000 	C:\Program Files\Java\jdk1.8.0_281\jre\bin\server\jvm.dll
0x00007ffff1e70000 - 0x00007ffff1e78000 	C:\WINDOWS\System32\PSAPI.DLL
0x00007fffd4130000 - 0x00007fffd4139000 	C:\WINDOWS\SYSTEM32\WSOCK32.dll
0x00007fffdd8a0000 - 0x00007fffdd8c7000 	C:\WINDOWS\SYSTEM32\WINMM.dll
0x00007fffe9060000 - 0x00007fffe906a000 	C:\WINDOWS\SYSTEM32\VERSION.dll
0x00007ffff1ad0000 - 0x00007ffff1b3b000 	C:\WINDOWS\System32\WS2_32.dll
0x00007fffedbe0000 - 0x00007fffedbf2000 	C:\WINDOWS\SYSTEM32\kernel.appcore.dll
0x00007fffebad0000 - 0x00007fffebae0000 	C:\Program Files\Java\jdk1.8.0_281\jre\bin\verify.dll
0x00007fffeba30000 - 0x00007fffeba5b000 	C:\Program Files\Java\jdk1.8.0_281\jre\bin\java.dll
0x00007fffea340000 - 0x00007fffea376000 	C:\Program Files\Java\jdk1.8.0_281\jre\bin\jdwp.dll
0x00007fffeba20000 - 0x00007fffeba29000 	C:\Program Files\Java\jdk1.8.0_281\jre\bin\npt.dll
0x00007fffd7830000 - 0x00007fffd7860000 	C:\Program Files\Java\jdk1.8.0_281\jre\bin\instrument.dll
0x00007fffebab0000 - 0x00007fffebac8000 	C:\Program Files\Java\jdk1.8.0_281\jre\bin\zip.dll
0x00007ffff1390000 - 0x00007ffff1acf000 	C:\WINDOWS\System32\SHELL32.dll
0x00007fffedde0000 - 0x00007fffee571000 	C:\WINDOWS\SYSTEM32\windows.storage.dll
0x00007ffff1030000 - 0x00007ffff1385000 	C:\WINDOWS\System32\combase.dll
0x00007fffef720000 - 0x00007fffef74c000 	C:\WINDOWS\SYSTEM32\Wldp.dll
0x00007ffff0e20000 - 0x00007ffff0ece000 	C:\WINDOWS\System32\SHCORE.dll
0x00007ffff0fd0000 - 0x00007ffff1025000 	C:\WINDOWS\System32\shlwapi.dll
0x00007fffefbf0000 - 0x00007fffefc0f000 	C:\WINDOWS\SYSTEM32\profapi.dll
0x00007fffea3b0000 - 0x00007fffea3ba000 	C:\Program Files\Java\jdk1.8.0_281\jre\bin\dt_socket.dll
0x00007fffef480000 - 0x00007fffef4ea000 	C:\WINDOWS\system32\mswsock.dll
0x00007fffeac80000 - 0x00007fffeac9c000 	C:\Program Files\Java\jdk1.8.0_281\jre\bin\net.dll
0x00007fffea3f0000 - 0x00007fffea403000 	C:\Program Files\Java\jdk1.8.0_281\jre\bin\nio.dll
0x00007fffea3a0000 - 0x00007fffea3ad000 	C:\Program Files\Java\jdk1.8.0_281\jre\bin\management.dll
0x00007fffcfb80000 - 0x00007fffcfb97000 	C:\WINDOWS\system32\napinsp.dll
0x00007fffcfb60000 - 0x00007fffcfb7b000 	C:\WINDOWS\system32\pnrpnsp.dll
0x00007fffeaca0000 - 0x00007fffeacb5000 	C:\WINDOWS\system32\wshbth.dll
0x00007fffeba00000 - 0x00007fffeba1d000 	C:\WINDOWS\system32\NLAapi.dll
0x00007fffef120000 - 0x00007fffef15b000 	C:\WINDOWS\SYSTEM32\IPHLPAPI.DLL
0x00007fffef160000 - 0x00007fffef22c000 	C:\WINDOWS\SYSTEM32\DNSAPI.dll
0x00007ffff0f60000 - 0x00007ffff0f68000 	C:\WINDOWS\System32\NSI.dll
0x00007fffcfa90000 - 0x00007fffcfaa2000 	C:\WINDOWS\System32\winrnr.dll
0x00007fffe78f0000 - 0x00007fffe78fa000 	C:\Windows\System32\rasadhlp.dll
0x00007fffdbca0000 - 0x00007fffdbd1f000 	C:\WINDOWS\System32\fwpuclnt.dll
0x00007fffefec0000 - 0x00007fffefee7000 	C:\WINDOWS\System32\bcrypt.dll
0x00007fffef660000 - 0x00007fffef678000 	C:\WINDOWS\SYSTEM32\CRYPTSP.dll
0x00007fffeedb0000 - 0x00007fffeede4000 	C:\WINDOWS\system32\rsaenh.dll
0x00007fffefbb0000 - 0x00007fffefbde000 	C:\WINDOWS\SYSTEM32\USERENV.dll
0x00007fffefcb0000 - 0x00007fffefd33000 	C:\WINDOWS\System32\bcryptprimitives.dll
0x00007fffef680000 - 0x00007fffef68c000 	C:\WINDOWS\SYSTEM32\CRYPTBASE.dll
0x00007fffe73a0000 - 0x00007fffe73b7000 	C:\WINDOWS\SYSTEM32\dhcpcsvc6.DLL
0x00007fffe76c0000 - 0x00007fffe76dd000 	C:\WINDOWS\SYSTEM32\dhcpcsvc.DLL
0x00007fffd6ca0000 - 0x00007fffd6e84000 	C:\WINDOWS\SYSTEM32\dbghelp.dll

VM Arguments:
jvm_args: -agentlib:jdwp=transport=dt_socket,address=127.0.0.1:55726,suspend=y,server=n -ea -Didea.test.cyclic.buffer.size=1048576 -javaagent:C:\Users\Kikine\AppData\Local\JetBrains\IntelliJIdea2021.2\captureAgent\debugger-agent.jar -Dfile.encoding=UTF-8 
java_command: com.intellij.rt.junit.JUnitStarter -ideVersion5 -junit5 @w@C:\Users\Kikine\AppData\Local\Temp\idea_working_dirs_junit.tmp @C:\Users\Kikine\AppData\Local\Temp\idea_junit.tmp
java_class_path (initial): C:\Program Files\JetBrains\IntelliJ IDEA 2021.1.3\lib\idea_rt.jar;C:\Users\Kikine\.m2\repository\org\junit\platform\junit-platform-launcher\1.7.2\junit-platform-launcher-1.7.2.jar;C:\Users\Kikine\.m2\repository\org\junit\vintage\junit-vintage-engine\5.7.2\junit-vintage-engine-5.7.2.jar;C:\Program Files\JetBrains\IntelliJ IDEA 2021.1.3\plugins\junit\lib\junit5-rt.jar;C:\Program Files\JetBrains\IntelliJ IDEA 2021.1.3\plugins\junit\lib\junit-rt.jar;C:\Program Files\Java\jdk1.8.0_281\jre\lib\charsets.jar;C:\Program Files\Java\jdk1.8.0_281\jre\lib\deploy.jar;C:\Program Files\Java\jdk1.8.0_281\jre\lib\ext\access-bridge-64.jar;C:\Program Files\Java\jdk1.8.0_281\jre\lib\ext\cldrdata.jar;C:\Program Files\Java\jdk1.8.0_281\jre\lib\ext\dnsns.jar;C:\Program Files\Java\jdk1.8.0_281\jre\lib\ext\jaccess.jar;C:\Program Files\Java\jdk1.8.0_281\jre\lib\ext\jfxrt.jar;C:\Program Files\Java\jdk1.8.0_281\jre\lib\ext\localedata.jar;C:\Program Files\Java\jdk1.8.0_281\jre\lib\ext\nashorn.jar;C:\Program Files\Java\jdk1.8.0_281\jre\lib\ext\sunec.jar;C:\Program Files\Java\jdk1.8.0_281\jre\lib\ext\sunjce_provider.jar;C:\Program Files\Java\jdk1.8.0_281\jre\lib\ext\sunmscapi.jar;C:\Program Files\Java\jdk1.8.0_281\jre\lib\ext\sunpkcs11.jar;C:\Program Files\Java\jdk1.8.0_281\jre\lib\ext\zipfs.jar;C:\Program Files\Java\jdk1.8.0_281\jre\lib\javaws.jar;C:\Program Files\Java\jdk1.8.0_281\jre\lib\jce.jar;C:\Program Files\Java\jdk1.8.0_281\jre\lib\jfr.jar;C:\Program Files\Java\jdk1.8.0_281\jre\lib\jfxswt.jar;C:\Program Files\Java\jdk1.8.0_281\jre\lib\jsse.jar;C:\Program Files\Java\jdk1.8.0_281\jre\lib\management-agent.jar;C:\Program Files\Java\jdk1.8.0_281\jre\lib\plugin.jar;C:\Program Files\Java\jdk1.8.0_281\jre\lib\resources.jar;C:\Program Files\Java\jdk1.8.0_281\jre\lib\rt.jar;C:\Users\Kikine\PayMyBuddy\target\test-classes;C:\Users\Kikine\PayMyBuddy\target\classes;C:\Users\Kikine\.m2\repository\org\springframework\boot\spring-boot-starter-data-jpa\2.5.2\spring-boot-starter
Launcher Type: SUN_STANDARD

Environment Variables:
JAVA_HOME=C:\Program Files\Java\jdk1.8.0_281
PATH=C:\Program Files (x86)\Common Files\Oracle\Java\javapath;C:\Windows\system32;C:\Windows;C:\Windows\System32\Wbem;C:\Windows\System32\WindowsPowerShell\v1.0\;C:\Windows\System32\OpenSSH\;C:\Program Files (x86)\NVIDIA Corporation\PhysX\Common;C:\Program Files\NVIDIA Corporation\NVIDIA NvDLISR;C:\Program Files\nodejs\;C:\Program Files\Microsoft SQL Server\120\Tools\Binn\;C:\Program Files\Common Files\Autodesk Shared\;C:\WINDOWS\system32;C:\WINDOWS;C:\WINDOWS\System32\Wbem;C:\WINDOWS\System32\WindowsPowerShell\v1.0\;C:\WINDOWS\System32\OpenSSH\;C:\Program Files\Git\cmd;C:\Program Files\dotnet\;C:\Program Files\Microsoft SQL Server\130\Tools\Binn\;C:\Program Files\Microsoft SQL Server\Client SDK\ODBC\170\Tools\Binn\;C:\apache-maven-3.6.3\bin;C:\Program Files\Java\jdk1.8.0_281\bin;C:\Program Files\MySQL\MySQL Server 8.0\bin;C:\Program Files\MySQL\MySQL Shell 8.0\bin\;C:\Users\Kikine\AppData\Local\Microsoft\WindowsApps;C:\Users\Kikine\AppData\Roaming\npm;C:\Users\Kikine\AppData\Local\Programs\Microsoft VS Code\bin;C:\Users\Kikine\.dotnet\tools;;C:\Program Files\JetBrains\IntelliJ IDEA 2021.1.3\bin;
USERNAME=Kikine
OS=Windows_NT
PROCESSOR_IDENTIFIER=Intel64 Family 6 Model 165 Stepping 2, GenuineIntel



---------------  S Y S T E M  ---------------

OS: Windows 10.0 , 64 bit Build 19041 (10.0.19041.1023)

CPU:total 16 (initial active 16) (8 cores per cpu, 2 threads per core) family 6 model 165 stepping 2, cmov, cx8, fxsr, mmx, sse, sse2, sse3, ssse3, sse4.1, sse4.2, popcnt, avx, avx2, aes, clmul, erms, 3dnowpref, lzcnt, ht, tsc, tscinvbit, bmi1, bmi2, adx

Memory: 4k page, physical 16592672k(2679424k free), swap 42363160k(4569632k free)

vm_info: Java HotSpot(TM) 64-Bit Server VM (25.281-b09) for windows-amd64 JRE (1.8.0_281-b09), built on Dec  9 2020 13:54:07 by "" with MS VC++ 15.9 (VS2017)

time: Wed Aug 18 16:47:00 2021
timezone: Paris, Madrid (heure d’été)
elapsed time: 200.954358 seconds (0d 0h 3m 20s)

