#
# A fatal error has been detected by the Java Runtime Environment:
#
#  EXCEPTION_ACCESS_VIOLATION (0xc0000005) at pc=0x00000000648be276, pid=28264, tid=0x0000000000006ed4
#
# JRE version: Java(TM) SE Runtime Environment (8.0_281-b09) (build 1.8.0_281-b09)
# Java VM: Java HotSpot(TM) 64-Bit Server VM (25.281-b09 mixed mode windows-amd64 compressed oops)
# Problematic frame:
# V  [jvm.dll+0x22e276]
#
# Failed to write core dump. Minidumps are not enabled by default on client versions of Windows
#
# If you would like to submit a bug report, please visit:
#   http://bugreport.java.com/bugreport/crash.jsp
#

---------------  T H R E A D  ---------------

Current thread (0x0000016f41221800):  VMThread [stack: 0x0000004fb1e00000,0x0000004fb1f00000] [id=28372]

siginfo: ExceptionCode=0xc0000005, reading address 0x0000000000000008

Registers:
RAX=0x0000000000000000, RBX=0x0000004fb1efe930, RCX=0x0000000000000000, RDX=0x0000000000000028
RSP=0x0000004fb1efe660, RBP=0x0000004fb1efee90, RSI=0x0000000000000000, RDI=0x0000004fb1eff000
R8 =0x0000000000000000, R9 =0x0000016f3ee2c598, R10=0x0000016f2461fd30, R11=0x0000016f3ee2d3f4
R12=0x000000000000002c, R13=0x0000016f3f1254f0, R14=0x00000000000000b9, R15=0x0000000064690000
RIP=0x00000000648be276, EFLAGS=0x0000000000010202

Top of Stack: (sp=0x0000004fb1efe660)
0x0000004fb1efe660:   000000000000004f 0000004fb1eff090
0x0000004fb1efe670:   000000000000004f 3030303030307830
0x0000004fb1efe680:   207373616c632020 0000000064900ba7
0x0000004fb1efe690:   3835206465737520 00000000648be2c5
0x0000004fb1efe6a0:   3336207974696361 00000000648bef6b
0x0000004fb1efe6b0:   0000004fb1efef20 0000000064c45d04
0x0000004fb1efe6c0:   00004bb40672d5c7 000000006490207c
0x0000004fb1efe6d0:   0000004fb1efef30 00000000648be724
0x0000004fb1efe6e0:   0000004fb1efe860 6572202c4b303034
0x0000004fb1efe6f0:   3120646576000a7d 0a4b363735383430
0x0000004fb1efe700:   0000016f000a4b00 0000016f3f125430
0x0000004fb1efe710:   0000004fb1efe920 0000000000000001
0x0000004fb1efe720:   0000004fb1efe7a8 0000000064a5f37d
0x0000004fb1efe730:   00000006c2c00000 00000006c2c47578
0x0000004fb1efe740:   0000000000010000 0000000064744d60
0x0000004fb1efe750:   0000004fb1efe7a0 0000016f4a2e9f30 

Instructions: (pc=0x00000000648be276)
0x00000000648be256:   01 00 00 48 8b 05 f8 9e 56 00 48 33 c4 48 89 84
0x00000000648be266:   24 30 01 00 00 48 8b d9 48 63 49 10 48 8b 43 08
0x00000000648be276:   38 54 08 08 74 33 44 0f be c2 48 8d 4c 24 20 48
0x00000000648be286:   8d 15 84 72 3b 00 e8 1f d0 df ff ba 36 00 00 00 


Register to memory mapping:

RAX=0x0000000000000000 is an unknown value
RBX=0x0000004fb1efe930 is an unknown value
RCX=0x0000000000000000 is an unknown value
RDX=0x0000000000000028 is an unknown value
RSP=0x0000004fb1efe660 is an unknown value
RBP=0x0000004fb1efee90 is an unknown value
RSI=0x0000000000000000 is an unknown value
RDI=0x0000004fb1eff000 is an unknown value
R8 =0x0000000000000000 is an unknown value
R9 =0x0000016f3ee2c598 is pointing into metadata
R10=0x0000016f2461fd30 is an unknown value
R11=0x0000016f3ee2d3f4 is pointing into metadata
R12=0x000000000000002c is an unknown value
R13=0x0000016f3f1254f0 is an unknown value
R14=0x00000000000000b9 is an unknown value
R15=0x0000000064690000 is an unknown value


Stack: [0x0000004fb1e00000,0x0000004fb1f00000],  sp=0x0000004fb1efe660,  free space=1017k
Native frames: (J=compiled Java code, j=interpreted, Vv=VM code, C=native code)
V  [jvm.dll+0x22e276]
V  [jvm.dll+0x22e994]
V  [jvm.dll+0x106863]
V  [jvm.dll+0x10881b]
V  [jvm.dll+0x10902e]
V  [jvm.dll+0x10669a]
V  [jvm.dll+0x10582a]
V  [jvm.dll+0xcd14b]
V  [jvm.dll+0xcdbe3]
V  [jvm.dll+0x112634]
V  [jvm.dll+0x135930]
V  [jvm.dll+0x1b8ce1]
V  [jvm.dll+0x245447]
V  [jvm.dll+0x243bb5]
V  [jvm.dll+0x24432c]
V  [jvm.dll+0x24463c]
V  [jvm.dll+0x291cbc]
C  [ucrtbase.dll+0x21bb2]
C  [KERNEL32.DLL+0x17034]
C  [ntdll.dll+0x52651]

VM_Operation (0x0000004fb23ff320): GetOrSetLocal, mode: safepoint, requested by thread 0x0000016f41280800


---------------  P R O C E S S  ---------------

Java Threads: ( => current thread )
  0x0000016f42c5f000 JavaThread "Service Thread" daemon [_thread_blocked, id=15296, stack(0x0000004fb3200000,0x0000004fb3300000)]
  0x0000016f42b89000 JavaThread "C1 CompilerThread11" daemon [_thread_blocked, id=15964, stack(0x0000004fb3100000,0x0000004fb3200000)]
  0x0000016f42b88800 JavaThread "C1 CompilerThread10" daemon [_thread_blocked, id=32292, stack(0x0000004fb3000000,0x0000004fb3100000)]
  0x0000016f42b87800 JavaThread "C1 CompilerThread9" daemon [_thread_blocked, id=28728, stack(0x0000004fb2f00000,0x0000004fb3000000)]
  0x0000016f42b8d000 JavaThread "C1 CompilerThread8" daemon [_thread_blocked, id=30876, stack(0x0000004fb2e00000,0x0000004fb2f00000)]
  0x0000016f42b8a000 JavaThread "C2 CompilerThread7" daemon [_thread_blocked, id=17032, stack(0x0000004fb2d00000,0x0000004fb2e00000)]
  0x0000016f42b87000 JavaThread "C2 CompilerThread6" daemon [_thread_blocked, id=1288, stack(0x0000004fb2c00000,0x0000004fb2d00000)]
  0x0000016f42b8c000 JavaThread "C2 CompilerThread5" daemon [_thread_blocked, id=11424, stack(0x0000004fb2b00000,0x0000004fb2c00000)]
  0x0000016f42b8d800 JavaThread "C2 CompilerThread4" daemon [_thread_blocked, id=20776, stack(0x0000004fb2a00000,0x0000004fb2b00000)]
  0x0000016f42b8b800 JavaThread "C2 CompilerThread3" daemon [_thread_blocked, id=31644, stack(0x0000004fb2900000,0x0000004fb2a00000)]
  0x0000016f42b8a800 JavaThread "C2 CompilerThread2" daemon [_thread_blocked, id=19428, stack(0x0000004fb2800000,0x0000004fb2900000)]
  0x0000016f42b80000 JavaThread "C2 CompilerThread1" daemon [_thread_blocked, id=23964, stack(0x0000004fb2700000,0x0000004fb2800000)]
  0x0000016f42b7f800 JavaThread "C2 CompilerThread0" daemon [_thread_blocked, id=13020, stack(0x0000004fb2600000,0x0000004fb2700000)]
  0x0000016f41284000 JavaThread "JDWP Command Reader" daemon [_thread_in_native, id=30424, stack(0x0000004fb2500000,0x0000004fb2600000)]
  0x0000016f41283000 JavaThread "JDWP Event Helper Thread" daemon [_thread_blocked, id=31796, stack(0x0000004fb2400000,0x0000004fb2500000)]
  0x0000016f41280800 JavaThread "JDWP Transport Listener: dt_socket" daemon [_thread_blocked, id=23340, stack(0x0000004fb2300000,0x0000004fb2400000)]
  0x0000016f41265000 JavaThread "Attach Listener" daemon [_thread_blocked, id=27272, stack(0x0000004fb2200000,0x0000004fb2300000)]
  0x0000016f41262000 JavaThread "Signal Dispatcher" daemon [_thread_blocked, id=18592, stack(0x0000004fb2100000,0x0000004fb2200000)]
  0x0000016f24687000 JavaThread "Finalizer" daemon [_thread_blocked, id=31064, stack(0x0000004fb2000000,0x0000004fb2100000)]
  0x0000016f41242000 JavaThread "Reference Handler" daemon [_thread_blocked, id=32804, stack(0x0000004fb1f00000,0x0000004fb2000000)]
  0x0000016f245df800 JavaThread "main" [_thread_blocked, id=11628, stack(0x0000004fb1000000,0x0000004fb1100000)]

Other Threads:
=>0x0000016f41221800 VMThread [stack: 0x0000004fb1e00000,0x0000004fb1f00000] [id=28372]
  0x0000016f42ce7800 WatcherThread [stack: 0x0000004fb3300000,0x0000004fb3400000] [id=28784]

VM state:at safepoint (normal execution)

VM Mutex/Monitor currently owned by a thread:  ([mutex/lock_event])
[0x0000016f245dd930] Threads_lock - owner thread: 0x0000016f41221800

heap address: 0x00000006c2c00000, size: 4052 MB, Compressed Oops mode: Zero based, Oop shift amount: 3
Narrow klass base: 0x0000000000000000, Narrow klass shift: 3
Compressed class space size: 1073741824 Address: 0x00000007c0000000

Heap:
 PSYoungGen      total 218624K, used 38599K [0x000000076b980000, 0x0000000779d80000, 0x00000007c0000000)
  eden space 209920K, 14% used [0x000000076b980000,0x000000076d725aa8,0x0000000778680000)
  from space 8704K, 94% used [0x0000000779500000,0x0000000779d0c348,0x0000000779d80000)
  to   space 11264K, 0% used [0x0000000778780000,0x0000000778780000,0x0000000779280000)
 ParOldGen       total 142848K, used 11263K [0x00000006c2c00000, 0x00000006cb780000, 0x000000076b980000)
  object space 142848K, 7% used [0x00000006c2c00000,0x00000006c36ffc70,0x00000006cb780000)
 Metaspace       used 41212K, capacity 44134K, committed 44416K, reserved 1087488K
  class space    used 5967K, capacity 6473K, committed 6528K, reserved 1048576K

Card table byte_map: [0x0000016f35430000,0x0000016f35c20000] byte_map_base: 0x0000016f31e1a000

Marking Bits: (ParMarkBitMap*) 0x0000000064e76ff0
 Begin Bits: [0x0000016f36170000, 0x0000016f3a0c0000)
 End Bits:   [0x0000016f3a0c0000, 0x0000016f3e010000)

Polling page: 0x0000016f26040000

CodeCache: size=245760Kb used=18244Kb max_used=18303Kb free=227515Kb
 bounds [0x0000016f26070000, 0x0000016f27260000, 0x0000016f35070000]
 total_blobs=4587 nmethods=4154 adapters=349
 compilation: enabled

Compilation events (10 events):
Event: 4.245 Thread 0x0000016f42b89000 4162       3       org.hibernate.validator.internal.metadata.aggregated.CascadingMetaDataBuilder::isMarkedForCascadingOnAnnotatedObjectOrContainerElements (20 bytes)
Event: 4.245 Thread 0x0000016f42b8d000 4163       3       org.hibernate.validator.internal.metadata.aggregated.ExecutableMetaData$Builder::isResolvedToSameMethodInHierarchy (38 bytes)
Event: 4.245 Thread 0x0000016f42b89000 nmethod 4162 0x0000016f271b1350 code [0x0000016f271b14a0, 0x0000016f271b1698]
Event: 4.245 Thread 0x0000016f42b8d000 nmethod 4163 0x0000016f271e9fd0 code [0x0000016f271ea180, 0x0000016f271ea8c0]
Event: 4.245 Thread 0x0000016f42b87800 4164       3       java.util.stream.Streams$ConcatSpliterator::characteristics (56 bytes)
Event: 4.246 Thread 0x0000016f42b88800 4165       1       org.hibernate.validator.internal.metadata.aggregated.NonContainerCascadingMetaData::isMarkedForCascadingOnAnnotatedObjectOrContainerElements (5 bytes)
Event: 4.246 Thread 0x0000016f42b88800 nmethod 4165 0x0000016f271eaad0 code [0x0000016f271eac20, 0x0000016f271ead38]
Event: 4.246 Thread 0x0000016f42b87800 nmethod 4164 0x0000016f271ead90 code [0x0000016f271eaf20, 0x0000016f271eb390]
Event: 4.460 Thread 0x0000016f42b7f800 nmethod 4088 0x0000016f271fd310 code [0x0000016f271fdec0, 0x0000016f2720cdd8]
Event: 4.497 Thread 0x0000016f42b80000 nmethod 4066 0x0000016f27228ed0 code [0x0000016f27229e40, 0x0000016f27235af0]

GC Heap History (10 events):
Event: 2.306 GC heap before
{Heap before GC invocations=8 (full 1):
 PSYoungGen      total 114688K, used 112223K [0x000000076b980000, 0x0000000773380000, 0x00000007c0000000)
  eden space 105472K, 100% used [0x000000076b980000,0x0000000772080000,0x0000000772080000)
  from space 9216K, 73% used [0x0000000772a80000,0x0000000773117e98,0x0000000773380000)
  to   space 9728K, 0% used [0x0000000772080000,0x0000000772080000,0x0000000772a00000)
 ParOldGen       total 94720K, used 5964K [0x00000006c2c00000, 0x00000006c8880000, 0x000000076b980000)
  object space 94720K, 6% used [0x00000006c2c00000,0x00000006c31d3170,0x00000006c8880000)
 Metaspace       used 31208K, capacity 33318K, committed 33408K, reserved 1077248K
  class space    used 4303K, capacity 4721K, committed 4736K, reserved 1048576K
Event: 2.310 GC heap after
Heap after GC invocations=8 (full 1):
 PSYoungGen      total 115200K, used 9712K [0x000000076b980000, 0x0000000777380000, 0x00000007c0000000)
  eden space 105472K, 0% used [0x000000076b980000,0x000000076b980000,0x0000000772080000)
  from space 9728K, 99% used [0x0000000772080000,0x00000007729fc020,0x0000000772a00000)
  to   space 11776K, 0% used [0x0000000776800000,0x0000000776800000,0x0000000777380000)
 ParOldGen       total 94720K, used 6847K [0x00000006c2c00000, 0x00000006c8880000, 0x000000076b980000)
  object space 94720K, 7% used [0x00000006c2c00000,0x00000006c32afd20,0x00000006c8880000)
 Metaspace       used 31208K, capacity 33318K, committed 33408K, reserved 1077248K
  class space    used 4303K, capacity 4721K, committed 4736K, reserved 1048576K
}
Event: 2.547 GC heap before
{Heap before GC invocations=9 (full 1):
 PSYoungGen      total 115200K, used 32541K [0x000000076b980000, 0x0000000777380000, 0x00000007c0000000)
  eden space 105472K, 21% used [0x000000076b980000,0x000000076cfcb5c8,0x0000000772080000)
  from space 9728K, 99% used [0x0000000772080000,0x00000007729fc020,0x0000000772a00000)
  to   space 11776K, 0% used [0x0000000776800000,0x0000000776800000,0x0000000777380000)
 ParOldGen       total 94720K, used 6847K [0x00000006c2c00000, 0x00000006c8880000, 0x000000076b980000)
  object space 94720K, 7% used [0x00000006c2c00000,0x00000006c32afd20,0x00000006c8880000)
 Metaspace       used 33239K, capacity 35326K, committed 35496K, reserved 1079296K
  class space    used 4729K, capacity 5109K, committed 5120K, reserved 1048576K
Event: 2.550 GC heap after
Heap after GC invocations=9 (full 1):
 PSYoungGen      total 175616K, used 6212K [0x000000076b980000, 0x0000000777180000, 0x00000007c0000000)
  eden space 165888K, 0% used [0x000000076b980000,0x000000076b980000,0x0000000775b80000)
  from space 9728K, 63% used [0x0000000776800000,0x0000000776e11010,0x0000000777180000)
  to   space 11264K, 0% used [0x0000000775b80000,0x0000000775b80000,0x0000000776680000)
 ParOldGen       total 94720K, used 6855K [0x00000006c2c00000, 0x00000006c8880000, 0x000000076b980000)
  object space 94720K, 7% used [0x00000006c2c00000,0x00000006c32b1d20,0x00000006c8880000)
 Metaspace       used 33239K, capacity 35326K, committed 35496K, reserved 1079296K
  class space    used 4729K, capacity 5109K, committed 5120K, reserved 1048576K
}
Event: 2.550 GC heap before
{Heap before GC invocations=10 (full 2):
 PSYoungGen      total 175616K, used 6212K [0x000000076b980000, 0x0000000777180000, 0x00000007c0000000)
  eden space 165888K, 0% used [0x000000076b980000,0x000000076b980000,0x0000000775b80000)
  from space 9728K, 63% used [0x0000000776800000,0x0000000776e11010,0x0000000777180000)
  to   space 11264K, 0% used [0x0000000775b80000,0x0000000775b80000,0x0000000776680000)
 ParOldGen       total 94720K, used 6855K [0x00000006c2c00000, 0x00000006c8880000, 0x000000076b980000)
  object space 94720K, 7% used [0x00000006c2c00000,0x00000006c32b1d20,0x00000006c8880000)
 Metaspace       used 33239K, capacity 35326K, committed 35496K, reserved 1079296K
  class space    used 4729K, capacity 5109K, committed 5120K, reserved 1048576K
Event: 2.568 GC heap after
Heap after GC invocations=10 (full 2):
 PSYoungGen      total 175616K, used 0K [0x000000076b980000, 0x0000000777180000, 0x00000007c0000000)
  eden space 165888K, 0% used [0x000000076b980000,0x000000076b980000,0x0000000775b80000)
  from space 9728K, 0% used [0x0000000776800000,0x0000000776800000,0x0000000777180000)
  to   space 11264K, 0% used [0x0000000775b80000,0x0000000775b80000,0x0000000776680000)
 ParOldGen       total 142848K, used 11247K [0x00000006c2c00000, 0x00000006cb780000, 0x000000076b980000)
  object space 142848K, 7% used [0x00000006c2c00000,0x00000006c36fbc70,0x00000006cb780000)
 Metaspace       used 33239K, capacity 35326K, committed 35496K, reserved 1079296K
  class space    used 4729K, capacity 5109K, committed 5120K, reserved 1048576K
}
Event: 3.329 GC heap before
{Heap before GC invocations=11 (full 2):
 PSYoungGen      total 175616K, used 165888K [0x000000076b980000, 0x0000000777180000, 0x00000007c0000000)
  eden space 165888K, 100% used [0x000000076b980000,0x0000000775b80000,0x0000000775b80000)
  from space 9728K, 0% used [0x0000000776800000,0x0000000776800000,0x0000000777180000)
  to   space 11264K, 0% used [0x0000000775b80000,0x0000000775b80000,0x0000000776680000)
 ParOldGen       total 142848K, used 11247K [0x00000006c2c00000, 0x00000006cb780000, 0x000000076b980000)
  object space 142848K, 7% used [0x00000006c2c00000,0x00000006c36fbc70,0x00000006cb780000)
 Metaspace       used 37266K, capacity 39822K, committed 40192K, reserved 1083392K
  class space    used 5322K, capacity 5773K, committed 5888K, reserved 1048576K
Event: 3.332 GC heap after
Heap after GC invocations=11 (full 2):
 PSYoungGen      total 177152K, used 8088K [0x000000076b980000, 0x000000077a000000, 0x00000007c0000000)
  eden space 165888K, 0% used [0x000000076b980000,0x000000076b980000,0x0000000775b80000)
  from space 11264K, 71% used [0x0000000775b80000,0x0000000776366370,0x0000000776680000)
  to   space 11264K, 0% used [0x0000000779500000,0x0000000779500000,0x000000077a000000)
 ParOldGen       total 142848K, used 11255K [0x00000006c2c00000, 0x00000006cb780000, 0x000000076b980000)
  object space 142848K, 7% used [0x00000006c2c00000,0x00000006c36fdc70,0x00000006cb780000)
 Metaspace       used 37266K, capacity 39822K, committed 40192K, reserved 1083392K
  class space    used 5322K, capacity 5773K, committed 5888K, reserved 1048576K
}
Event: 4.135 GC heap before
{Heap before GC invocations=12 (full 2):
 PSYoungGen      total 177152K, used 173976K [0x000000076b980000, 0x000000077a000000, 0x00000007c0000000)
  eden space 165888K, 100% used [0x000000076b980000,0x0000000775b80000,0x0000000775b80000)
  from space 11264K, 71% used [0x0000000775b80000,0x0000000776366370,0x0000000776680000)
  to   space 11264K, 0% used [0x0000000779500000,0x0000000779500000,0x000000077a000000)
 ParOldGen       total 142848K, used 11255K [0x00000006c2c00000, 0x00000006cb780000, 0x000000076b980000)
  object space 142848K, 7% used [0x00000006c2c00000,0x00000006c36fdc70,0x00000006cb780000)
 Metaspace       used 40555K, capacity 43382K, committed 43520K, reserved 1087488K
  class space    used 5864K, capacity 6355K, committed 6400K, reserved 1048576K
Event: 4.140 GC heap after
Heap after GC invocations=12 (full 2):
 PSYoungGen      total 218624K, used 8240K [0x000000076b980000, 0x0000000779d80000, 0x00000007c0000000)
  eden space 209920K, 0% used [0x000000076b980000,0x000000076b980000,0x0000000778680000)
  from space 8704K, 94% used [0x0000000779500000,0x0000000779d0c348,0x0000000779d80000)
  to   space 11264K, 0% used [0x0000000778780000,0x0000000778780000,0x0000000779280000)
 ParOldGen       total 142848K, used 11263K [0x00000006c2c00000, 0x00000006cb780000, 0x000000076b980000)
  object space 142848K, 7% used [0x00000006c2c00000,0x00000006c36ffc70,0x00000006cb780000)
 Metaspace       used 40555K, capacity 43382K, committed 43520K, reserved 1087488K
  class space    used 5864K, capacity 6355K, committed 6400K, reserved 1048576K
}

Deoptimization events (10 events):
Event: 3.333 Thread 0x0000016f24687000 Uncommon trap: reason=unstable_if action=reinterpret pc=0x0000016f26b03e18 method=java.lang.ref.Finalizer.remove()V @ 10
Event: 3.333 Thread 0x0000016f24687000 Uncommon trap: reason=unstable_if action=reinterpret pc=0x0000016f26b022f8 method=java.lang.ref.Finalizer.remove()V @ 10
Event: 3.934 Thread 0x0000016f245df800 Uncommon trap: reason=null_check action=make_not_entrant pc=0x0000016f26d5cb58 method=org.springframework.beans.factory.support.DefaultListableBeanFactory.getBeanDefinition(Ljava/lang/String;)Lorg/springframework/beans/factory/config/BeanDefinition; @ 10
Event: 3.944 Thread 0x0000016f245df800 Uncommon trap: reason=unstable_if action=reinterpret pc=0x0000016f2705767c method=org.springframework.core.ResolvableType.resolveClass()Ljava/lang/Class; @ 37
Event: 3.974 Thread 0x0000016f245df800 Uncommon trap: reason=unstable_if action=reinterpret pc=0x0000016f269bd808 method=java.util.LinkedHashMap.get(Ljava/lang/Object;)Ljava/lang/Object; @ 20
Event: 4.025 Thread 0x0000016f245df800 Uncommon trap: reason=unstable_if action=reinterpret pc=0x0000016f2631b1c0 method=java.lang.CharacterData.of(I)Ljava/lang/CharacterData; @ 4
Event: 4.238 Thread 0x0000016f245df800 Uncommon trap: reason=unstable_if action=reinterpret pc=0x0000016f26e57f58 method=org.springframework.beans.factory.support.AbstractAutowireCapableBeanFactory.determineTargetType(Ljava/lang/String;Lorg/springframework/beans/factory/support/RootBeanDefinit
Event: 4.379 Thread 0x0000016f245df800 Uncommon trap: reason=unstable_if action=reinterpret pc=0x0000016f264961f4 method=java.lang.AbstractStringBuilder.append(Ljava/lang/String;)Ljava/lang/AbstractStringBuilder; @ 1
Event: 4.379 Thread 0x0000016f245df800 Uncommon trap: reason=unstable_if action=reinterpret pc=0x0000016f26474ab0 method=java.lang.AbstractStringBuilder.append(Ljava/lang/String;)Ljava/lang/AbstractStringBuilder; @ 1
Event: 58.885 Thread 0x0000016f41280800 Uncommon trap: reason=unstable_if action=reinterpret pc=0x0000016f2715b960 method=com.intellij.rt.debugger.agent.CaptureAgent$CaptureTransformer.transform(Ljava/lang/ClassLoader;Ljava/lang/String;Ljava/lang/Class;Ljava/security/ProtectionDomain;[B)[B @ 5

Classes redefined (2 events):
Event: 58.907 Thread 0x0000016f41221800 redefined class name=com.openclassrooms.paymybuddy.controller.UserController, count=1
Event: 116.619 Thread 0x0000016f41221800 redefined class name=com.openclassrooms.paymybuddy.controller.UserController, count=2

Internal exceptions (10 events):
Event: 4.124 Thread 0x0000016f245df800 Exception <a 'java/lang/ClassNotFoundException': com/openclassrooms/paymybuddy/model/UserCustomizer> (0x0000000773f0f0a8) thrown at [C:\jenkins\workspace\8-2-build-windows-amd64-cygwin\jdk8u281\880\hotspot\src\share\vm\classfile\systemDictionary.cpp, line
Event: 4.239 Thread 0x0000016f245df800 Exception <a 'java/lang/ClassNotFoundException': java/lang/ObjectCustomizer> (0x000000076d266bd8) thrown at [C:\jenkins\workspace\8-2-build-windows-amd64-cygwin\jdk8u281\880\hotspot\src\share\vm\classfile\systemDictionary.cpp, line 212]
Event: 4.239 Thread 0x0000016f245df800 Exception <a 'java/lang/ClassNotFoundException': org/hibernate/validator/internal/constraintvalidators/bv/NotNullValidatorCustomizer> (0x000000076d2ad700) thrown at [C:\jenkins\workspace\8-2-build-windows-amd64-cygwin\jdk8u281\880\hotspot\src\share\vm\cla
Event: 4.240 Thread 0x0000016f245df800 Exception <a 'java/lang/ClassNotFoundException': javax/validation/ConstraintValidatorCustomizer> (0x000000076d2dada8) thrown at [C:\jenkins\workspace\8-2-build-windows-amd64-cygwin\jdk8u281\880\hotspot\src\share\vm\classfile\systemDictionary.cpp, line 212
Event: 4.243 Thread 0x0000016f245df800 Exception <a 'java/lang/ClassNotFoundException': java/lang/ObjectCustomizer> (0x000000076d3b6010) thrown at [C:\jenkins\workspace\8-2-build-windows-amd64-cygwin\jdk8u281\880\hotspot\src\share\vm\classfile\systemDictionary.cpp, line 212]
Event: 4.244 Thread 0x0000016f245df800 Exception <a 'java/lang/ClassNotFoundException': org/hibernate/validator/internal/constraintvalidators/bv/number/bound/AbstractMinValidatorCustomizer> (0x000000076d405b48) thrown at [C:\jenkins\workspace\8-2-build-windows-amd64-cygwin\jdk8u281\880\hotspot
Event: 4.244 Thread 0x0000016f245df800 Exception <a 'java/lang/ClassNotFoundException': org/hibernate/validator/internal/constraintvalidators/bv/number/bound/MinValidatorForDoubleCustomizer> (0x000000076d4564e0) thrown at [C:\jenkins\workspace\8-2-build-windows-amd64-cygwin\jdk8u281\880\hotspo
Event: 4.245 Thread 0x0000016f245df800 Exception <a 'java/lang/ClassNotFoundException': javax/validation/ConstraintValidatorCustomizer> (0x000000076d483868) thrown at [C:\jenkins\workspace\8-2-build-windows-amd64-cygwin\jdk8u281\880\hotspot\src\share\vm\classfile\systemDictionary.cpp, line 212
Event: 4.379 Thread 0x0000016f245df800 Implicit null exception at 0x0000016f26495cd9 to 0x0000016f264961d9
Event: 4.379 Thread 0x0000016f245df800 Implicit null exception at 0x0000016f264745d6 to 0x0000016f26474a99

Events (10 events):
Event: 116.625 Executing VM operation: ChangeBreakpoints done
Event: 116.626 Executing VM operation: ChangeBreakpoints
Event: 116.627 Executing VM operation: ChangeBreakpoints done
Event: 116.635 Executing VM operation: ChangeBreakpoints
Event: 116.636 Executing VM operation: ChangeBreakpoints done
Event: 116.637 Executing VM operation: ChangeBreakpoints
Event: 116.638 Executing VM operation: ChangeBreakpoints done
Event: 116.639 Executing VM operation: ChangeBreakpoints
Event: 116.640 Executing VM operation: ChangeBreakpoints done
Event: 116.641 Executing VM operation: GetOrSetLocal


Dynamic libraries:
0x00007ff6729c0000 - 0x00007ff672a07000 	C:\Program Files\Java\jdk1.8.0_281\bin\java.exe
0x00007ffff2570000 - 0x00007ffff2765000 	C:\WINDOWS\SYSTEM32\ntdll.dll
0x00007ffff2440000 - 0x00007ffff24fd000 	C:\WINDOWS\System32\KERNEL32.DLL
0x00007ffff0310000 - 0x00007ffff05d9000 	C:\WINDOWS\System32\KERNELBASE.dll
0x00007ffff0ca0000 - 0x00007ffff0d4c000 	C:\WINDOWS\System32\ADVAPI32.dll
0x00007ffff2280000 - 0x00007ffff231e000 	C:\WINDOWS\System32\msvcrt.dll
0x00007ffff21e0000 - 0x00007ffff227b000 	C:\WINDOWS\System32\sechost.dll
0x00007ffff1d40000 - 0x00007ffff1e6a000 	C:\WINDOWS\System32\RPCRT4.dll
0x00007ffff1b40000 - 0x00007ffff1ce0000 	C:\WINDOWS\System32\USER32.dll
0x00007fffefe30000 - 0x00007fffefe52000 	C:\WINDOWS\System32\win32u.dll
0x00007ffff0a50000 - 0x00007ffff0a7a000 	C:\WINDOWS\System32\GDI32.dll
0x00007ffff0200000 - 0x00007ffff030b000 	C:\WINDOWS\System32\gdi32full.dll
0x00007fffefd40000 - 0x00007fffefddd000 	C:\WINDOWS\System32\msvcp_win.dll
0x00007fffeffa0000 - 0x00007ffff00a0000 	C:\WINDOWS\System32\ucrtbase.dll
0x00007fffdd450000 - 0x00007fffdd6ea000 	C:\WINDOWS\WinSxS\amd64_microsoft.windows.common-controls_6595b64144ccf1df_6.0.19041.1110_none_60b5254171f9507e\COMCTL32.dll
0x00007ffff2500000 - 0x00007ffff2530000 	C:\WINDOWS\System32\IMM32.DLL
0x00007fffebb80000 - 0x00007fffebb95000 	C:\Program Files\Java\jdk1.8.0_281\jre\bin\vcruntime140.dll
0x00007fffebae0000 - 0x00007fffebb7b000 	C:\Program Files\Java\jdk1.8.0_281\jre\bin\msvcp140.dll
0x0000000064690000 - 0x0000000064eef000 	C:\Program Files\Java\jdk1.8.0_281\jre\bin\server\jvm.dll
0x00007ffff1e70000 - 0x00007ffff1e78000 	C:\WINDOWS\System32\PSAPI.DLL
0x00007fffd4130000 - 0x00007fffd4139000 	C:\WINDOWS\SYSTEM32\WSOCK32.dll
0x00007fffdd8a0000 - 0x00007fffdd8c7000 	C:\WINDOWS\SYSTEM32\WINMM.dll
0x00007ffff1ad0000 - 0x00007ffff1b3b000 	C:\WINDOWS\System32\WS2_32.dll
0x00007fffe9060000 - 0x00007fffe906a000 	C:\WINDOWS\SYSTEM32\VERSION.dll
0x00007fffedbe0000 - 0x00007fffedbf2000 	C:\WINDOWS\SYSTEM32\kernel.appcore.dll
0x00007fffebad0000 - 0x00007fffebae0000 	C:\Program Files\Java\jdk1.8.0_281\jre\bin\verify.dll
0x00007fffeba30000 - 0x00007fffeba5b000 	C:\Program Files\Java\jdk1.8.0_281\jre\bin\java.dll
0x00007fffea340000 - 0x00007fffea376000 	C:\Program Files\Java\jdk1.8.0_281\jre\bin\jdwp.dll
0x00007fffeba20000 - 0x00007fffeba29000 	C:\Program Files\Java\jdk1.8.0_281\jre\bin\npt.dll
0x00007fffd7830000 - 0x00007fffd7860000 	C:\Program Files\Java\jdk1.8.0_281\jre\bin\instrument.dll
0x00007fffebab0000 - 0x00007fffebac8000 	C:\Program Files\Java\jdk1.8.0_281\jre\bin\zip.dll
0x00007ffff1390000 - 0x00007ffff1acf000 	C:\WINDOWS\System32\SHELL32.dll
0x00007fffedde0000 - 0x00007fffee571000 	C:\WINDOWS\SYSTEM32\windows.storage.dll
0x00007ffff1030000 - 0x00007ffff1385000 	C:\WINDOWS\System32\combase.dll
0x00007fffef720000 - 0x00007fffef74c000 	C:\WINDOWS\SYSTEM32\Wldp.dll
0x00007ffff0e20000 - 0x00007ffff0ece000 	C:\WINDOWS\System32\SHCORE.dll
0x00007ffff0fd0000 - 0x00007ffff1025000 	C:\WINDOWS\System32\shlwapi.dll
0x00007fffefbf0000 - 0x00007fffefc0f000 	C:\WINDOWS\SYSTEM32\profapi.dll
0x00007fffea3b0000 - 0x00007fffea3ba000 	C:\Program Files\Java\jdk1.8.0_281\jre\bin\dt_socket.dll
0x00007fffef480000 - 0x00007fffef4ea000 	C:\WINDOWS\system32\mswsock.dll
0x00007fffeac80000 - 0x00007fffeac9c000 	C:\Program Files\Java\jdk1.8.0_281\jre\bin\net.dll
0x00007fffea3f0000 - 0x00007fffea403000 	C:\Program Files\Java\jdk1.8.0_281\jre\bin\nio.dll
0x00007fffea3a0000 - 0x00007fffea3ad000 	C:\Program Files\Java\jdk1.8.0_281\jre\bin\management.dll
0x00007fffcfb80000 - 0x00007fffcfb97000 	C:\WINDOWS\system32\napinsp.dll
0x00007fffcfb60000 - 0x00007fffcfb7b000 	C:\WINDOWS\system32\pnrpnsp.dll
0x00007fffeaca0000 - 0x00007fffeacb5000 	C:\WINDOWS\system32\wshbth.dll
0x00007fffeba00000 - 0x00007fffeba1d000 	C:\WINDOWS\system32\NLAapi.dll
0x00007fffef120000 - 0x00007fffef15b000 	C:\WINDOWS\SYSTEM32\IPHLPAPI.DLL
0x00007fffef160000 - 0x00007fffef22c000 	C:\WINDOWS\SYSTEM32\DNSAPI.dll
0x00007ffff0f60000 - 0x00007ffff0f68000 	C:\WINDOWS\System32\NSI.dll
0x00007fffcfa90000 - 0x00007fffcfaa2000 	C:\WINDOWS\System32\winrnr.dll
0x00007fffe78f0000 - 0x00007fffe78fa000 	C:\Windows\System32\rasadhlp.dll
0x00007fffdbca0000 - 0x00007fffdbd1f000 	C:\WINDOWS\System32\fwpuclnt.dll
0x00007fffefec0000 - 0x00007fffefee7000 	C:\WINDOWS\System32\bcrypt.dll
0x00007fffef660000 - 0x00007fffef678000 	C:\WINDOWS\SYSTEM32\CRYPTSP.dll
0x00007fffeedb0000 - 0x00007fffeede4000 	C:\WINDOWS\system32\rsaenh.dll
0x00007fffefbb0000 - 0x00007fffefbde000 	C:\WINDOWS\SYSTEM32\USERENV.dll
0x00007fffefcb0000 - 0x00007fffefd33000 	C:\WINDOWS\System32\bcryptprimitives.dll
0x00007fffef680000 - 0x00007fffef68c000 	C:\WINDOWS\SYSTEM32\CRYPTBASE.dll
0x00007fffe73a0000 - 0x00007fffe73b7000 	C:\WINDOWS\SYSTEM32\dhcpcsvc6.DLL
0x00007fffe76c0000 - 0x00007fffe76dd000 	C:\WINDOWS\SYSTEM32\dhcpcsvc.DLL
0x00007fffd6ca0000 - 0x00007fffd6e84000 	C:\WINDOWS\SYSTEM32\dbghelp.dll

VM Arguments:
jvm_args: -agentlib:jdwp=transport=dt_socket,address=127.0.0.1:55770,suspend=y,server=n -ea -Didea.test.cyclic.buffer.size=1048576 -javaagent:C:\Users\Kikine\AppData\Local\JetBrains\IntelliJIdea2021.2\captureAgent\debugger-agent.jar -Dfile.encoding=UTF-8 
java_command: com.intellij.rt.junit.JUnitStarter -ideVersion5 -junit5 @w@C:\Users\Kikine\AppData\Local\Temp\idea_working_dirs_junit1.tmp @C:\Users\Kikine\AppData\Local\Temp\idea_junit1.tmp
java_class_path (initial): C:\Program Files\JetBrains\IntelliJ IDEA 2021.1.3\lib\idea_rt.jar;C:\Users\Kikine\.m2\repository\org\junit\platform\junit-platform-launcher\1.7.2\junit-platform-launcher-1.7.2.jar;C:\Users\Kikine\.m2\repository\org\junit\vintage\junit-vintage-engine\5.7.2\junit-vintage-engine-5.7.2.jar;C:\Program Files\JetBrains\IntelliJ IDEA 2021.1.3\plugins\junit\lib\junit5-rt.jar;C:\Program Files\JetBrains\IntelliJ IDEA 2021.1.3\plugins\junit\lib\junit-rt.jar;C:\Program Files\Java\jdk1.8.0_281\jre\lib\charsets.jar;C:\Program Files\Java\jdk1.8.0_281\jre\lib\deploy.jar;C:\Program Files\Java\jdk1.8.0_281\jre\lib\ext\access-bridge-64.jar;C:\Program Files\Java\jdk1.8.0_281\jre\lib\ext\cldrdata.jar;C:\Program Files\Java\jdk1.8.0_281\jre\lib\ext\dnsns.jar;C:\Program Files\Java\jdk1.8.0_281\jre\lib\ext\jaccess.jar;C:\Program Files\Java\jdk1.8.0_281\jre\lib\ext\jfxrt.jar;C:\Program Files\Java\jdk1.8.0_281\jre\lib\ext\localedata.jar;C:\Program Files\Java\jdk1.8.0_281\jre\lib\ext\nashorn.jar;C:\Program Files\Java\jdk1.8.0_281\jre\lib\ext\sunec.jar;C:\Program Files\Java\jdk1.8.0_281\jre\lib\ext\sunjce_provider.jar;C:\Program Files\Java\jdk1.8.0_281\jre\lib\ext\sunmscapi.jar;C:\Program Files\Java\jdk1.8.0_281\jre\lib\ext\sunpkcs11.jar;C:\Program Files\Java\jdk1.8.0_281\jre\lib\ext\zipfs.jar;C:\Program Files\Java\jdk1.8.0_281\jre\lib\javaws.jar;C:\Program Files\Java\jdk1.8.0_281\jre\lib\jce.jar;C:\Program Files\Java\jdk1.8.0_281\jre\lib\jfr.jar;C:\Program Files\Java\jdk1.8.0_281\jre\lib\jfxswt.jar;C:\Program Files\Java\jdk1.8.0_281\jre\lib\jsse.jar;C:\Program Files\Java\jdk1.8.0_281\jre\lib\management-agent.jar;C:\Program Files\Java\jdk1.8.0_281\jre\lib\plugin.jar;C:\Program Files\Java\jdk1.8.0_281\jre\lib\resources.jar;C:\Program Files\Java\jdk1.8.0_281\jre\lib\rt.jar;C:\Users\Kikine\PayMyBuddy\target\test-classes;C:\Users\Kikine\PayMyBuddy\target\classes;C:\Users\Kikine\.m2\repository\org\springframework\boot\spring-boot-starter-data-jpa\2.5.2\spring-boot-starter
Launcher Type: SUN_STANDARD

Environment Variables:
JAVA_HOME=C:\Program Files\Java\jdk1.8.0_281
PATH=C:\Program Files (x86)\Common Files\Oracle\Java\javapath;C:\Windows\system32;C:\Windows;C:\Windows\System32\Wbem;C:\Windows\System32\WindowsPowerShell\v1.0\;C:\Windows\System32\OpenSSH\;C:\Program Files (x86)\NVIDIA Corporation\PhysX\Common;C:\Program Files\NVIDIA Corporation\NVIDIA NvDLISR;C:\Program Files\nodejs\;C:\Program Files\Microsoft SQL Server\120\Tools\Binn\;C:\Program Files\Common Files\Autodesk Shared\;C:\WINDOWS\system32;C:\WINDOWS;C:\WINDOWS\System32\Wbem;C:\WINDOWS\System32\WindowsPowerShell\v1.0\;C:\WINDOWS\System32\OpenSSH\;C:\Program Files\Git\cmd;C:\Program Files\dotnet\;C:\Program Files\Microsoft SQL Server\130\Tools\Binn\;C:\Program Files\Microsoft SQL Server\Client SDK\ODBC\170\Tools\Binn\;C:\apache-maven-3.6.3\bin;C:\Program Files\Java\jdk1.8.0_281\bin;C:\Program Files\MySQL\MySQL Server 8.0\bin;C:\Program Files\MySQL\MySQL Shell 8.0\bin\;C:\Users\Kikine\AppData\Local\Microsoft\WindowsApps;C:\Users\Kikine\AppData\Roaming\npm;C:\Users\Kikine\AppData\Local\Programs\Microsoft VS Code\bin;C:\Users\Kikine\.dotnet\tools;;C:\Program Files\JetBrains\IntelliJ IDEA 2021.1.3\bin;
USERNAME=Kikine
OS=Windows_NT
PROCESSOR_IDENTIFIER=Intel64 Family 6 Model 165 Stepping 2, GenuineIntel



---------------  S Y S T E M  ---------------

OS: Windows 10.0 , 64 bit Build 19041 (10.0.19041.1023)

CPU:total 16 (initial active 16) (8 cores per cpu, 2 threads per core) family 6 model 165 stepping 2, cmov, cx8, fxsr, mmx, sse, sse2, sse3, ssse3, sse4.1, sse4.2, popcnt, avx, avx2, aes, clmul, erms, 3dnowpref, lzcnt, ht, tsc, tscinvbit, bmi1, bmi2, adx

Memory: 4k page, physical 16592672k(2975652k free), swap 42363160k(5250000k free)

vm_info: Java HotSpot(TM) 64-Bit Server VM (25.281-b09) for windows-amd64 JRE (1.8.0_281-b09), built on Dec  9 2020 13:54:07 by "" with MS VC++ 15.9 (VS2017)

time: Wed Aug 18 16:47:00 2021
timezone: Paris, Madrid (heure d’été)
elapsed time: 116.654267 seconds (0d 0h 1m 56s)

